This file contains any messages produced by compilers while
running configure, to aid debugging if configure makes a mistake.

It was created by adept configure 2.0.5, which was
generated by GNU Autoconf 2.69.  Invocation command line was

  $ ./configure 

## --------- ##
## Platform. ##
## --------- ##

hostname = mark-UX301LAA
uname -m = x86_64
uname -r = 4.15.0-117-generic
uname -s = Linux
uname -v = #118-Ubuntu SMP Fri Sep 4 20:02:41 UTC 2020

/usr/bin/uname -p = unknown
/bin/uname -X     = unknown

/bin/arch              = unknown
/usr/bin/arch -k       = unknown
/usr/convex/getsysinfo = unknown
/usr/bin/hostinfo      = unknown
/bin/machine           = unknown
/usr/bin/oslevel       = unknown
/bin/universe          = unknown

PATH: /home/mark/.local/bin
PATH: /usr/local/sbin
PATH: /usr/local/bin
PATH: /usr/sbin
PATH: /usr/bin
PATH: /sbin
PATH: /bin
PATH: /usr/games
PATH: /usr/local/games
PATH: /snap/bin
PATH: /home/mark/julia-1.5.0/bin


## ----------- ##
## Core tests. ##
## ----------- ##

configure:2565: checking for a BSD-compatible install
configure:2633: result: /usr/bin/install -c
configure:2644: checking whether build environment is sane
configure:2699: result: yes
configure:2737: WARNING: 'missing' script is too old or missing
configure:2850: checking for a thread-safe mkdir -p
configure:2889: result: /bin/mkdir -p
configure:2896: checking for gawk
configure:2912: found /usr/bin/gawk
configure:2923: result: gawk
configure:2934: checking whether make sets $(MAKE)
configure:2956: result: yes
configure:2985: checking whether make supports nested variables
configure:3002: result: yes
configure:3147: checking for g++
configure:3163: found /usr/bin/g++
configure:3174: result: g++
configure:3201: checking for C++ compiler version
configure:3210: g++ --version >&5
g++ (Ubuntu 7.5.0-3ubuntu1~18.04) 7.5.0
Copyright (C) 2017 Free Software Foundation, Inc.
This is free software; see the source for copying conditions.  There is NO
warranty; not even for MERCHANTABILITY or FITNESS FOR A PARTICULAR PURPOSE.

configure:3221: $? = 0
configure:3210: g++ -v >&5
Using built-in specs.
COLLECT_GCC=g++
COLLECT_LTO_WRAPPER=/usr/lib/gcc/x86_64-linux-gnu/7/lto-wrapper
OFFLOAD_TARGET_NAMES=nvptx-none
OFFLOAD_TARGET_DEFAULT=1
Target: x86_64-linux-gnu
Configured with: ../src/configure -v --with-pkgversion='Ubuntu 7.5.0-3ubuntu1~18.04' --with-bugurl=file:///usr/share/doc/gcc-7/README.Bugs --enable-languages=c,ada,c++,go,brig,d,fortran,objc,obj-c++ --prefix=/usr --with-gcc-major-version-only --program-suffix=-7 --program-prefix=x86_64-linux-gnu- --enable-shared --enable-linker-build-id --libexecdir=/usr/lib --without-included-gettext --enable-threads=posix --libdir=/usr/lib --enable-nls --enable-bootstrap --enable-clocale=gnu --enable-libstdcxx-debug --enable-libstdcxx-time=yes --with-default-libstdcxx-abi=new --enable-gnu-unique-object --disable-vtable-verify --enable-libmpx --enable-plugin --enable-default-pie --with-system-zlib --with-target-system-zlib --enable-objc-gc=auto --enable-multiarch --disable-werror --with-arch-32=i686 --with-abi=m64 --with-multilib-list=m32,m64,mx32 --enable-multilib --with-tune=generic --enable-offload-targets=nvptx-none --without-cuda-driver --enable-checking=release --build=x86_64-linux-gnu --host=x86_64-linux-gnu --target=x86_64-linux-gnu
Thread model: posix
gcc version 7.5.0 (Ubuntu 7.5.0-3ubuntu1~18.04) 
configure:3221: $? = 0
configure:3210: g++ -V >&5
g++: error: unrecognized command line option '-V'
g++: fatal error: no input files
compilation terminated.
configure:3221: $? = 1
configure:3210: g++ -qversion >&5
g++: error: unrecognized command line option '-qversion'; did you mean '--version'?
g++: fatal error: no input files
compilation terminated.
configure:3221: $? = 1
configure:3241: checking whether the C++ compiler works
configure:3263: g++    conftest.cpp  >&5
configure:3267: $? = 0
configure:3315: result: yes
configure:3318: checking for C++ compiler default output file name
configure:3320: result: a.out
configure:3326: checking for suffix of executables
configure:3333: g++ -o conftest    conftest.cpp  >&5
configure:3337: $? = 0
configure:3359: result: 
configure:3381: checking whether we are cross compiling
configure:3389: g++ -o conftest    conftest.cpp  >&5
configure:3393: $? = 0
configure:3400: ./conftest
configure:3404: $? = 0
configure:3419: result: no
configure:3424: checking for suffix of object files
configure:3446: g++ -c   conftest.cpp >&5
configure:3450: $? = 0
configure:3471: result: o
configure:3475: checking whether we are using the GNU C++ compiler
configure:3494: g++ -c   conftest.cpp >&5
configure:3494: $? = 0
configure:3503: result: yes
configure:3512: checking whether g++ accepts -g
configure:3532: g++ -c -g  conftest.cpp >&5
configure:3532: $? = 0
configure:3573: result: yes
configure:3607: checking for style of include used by make
configure:3635: result: GNU
configure:3661: checking dependency style of g++
configure:3772: result: gcc3
configure:3840: checking for g77
configure:3870: result: no
configure:3840: checking for xlf
configure:3870: result: no
configure:3840: checking for f77
configure:3856: found /usr/bin/f77
configure:3867: result: f77
configure:3893: checking for Fortran 77 compiler version
configure:3902: f77 --version >&5
GNU Fortran (Ubuntu 7.5.0-3ubuntu1~18.04) 7.5.0
Copyright (C) 2017 Free Software Foundation, Inc.
This is free software; see the source for copying conditions.  There is NO
warranty; not even for MERCHANTABILITY or FITNESS FOR A PARTICULAR PURPOSE.

configure:3913: $? = 0
configure:3902: f77 -v >&5
Using built-in specs.
COLLECT_GCC=f77
COLLECT_LTO_WRAPPER=/usr/lib/gcc/x86_64-linux-gnu/7/lto-wrapper
OFFLOAD_TARGET_NAMES=nvptx-none
OFFLOAD_TARGET_DEFAULT=1
Target: x86_64-linux-gnu
Configured with: ../src/configure -v --with-pkgversion='Ubuntu 7.5.0-3ubuntu1~18.04' --with-bugurl=file:///usr/share/doc/gcc-7/README.Bugs --enable-languages=c,ada,c++,go,brig,d,fortran,objc,obj-c++ --prefix=/usr --with-gcc-major-version-only --program-suffix=-7 --program-prefix=x86_64-linux-gnu- --enable-shared --enable-linker-build-id --libexecdir=/usr/lib --without-included-gettext --enable-threads=posix --libdir=/usr/lib --enable-nls --enable-bootstrap --enable-clocale=gnu --enable-libstdcxx-debug --enable-libstdcxx-time=yes --with-default-libstdcxx-abi=new --enable-gnu-unique-object --disable-vtable-verify --enable-libmpx --enable-plugin --enable-default-pie --with-system-zlib --with-target-system-zlib --enable-objc-gc=auto --enable-multiarch --disable-werror --with-arch-32=i686 --with-abi=m64 --with-multilib-list=m32,m64,mx32 --enable-multilib --with-tune=generic --enable-offload-targets=nvptx-none --without-cuda-driver --enable-checking=release --build=x86_64-linux-gnu --host=x86_64-linux-gnu --target=x86_64-linux-gnu
Thread model: posix
gcc version 7.5.0 (Ubuntu 7.5.0-3ubuntu1~18.04) 
configure:3913: $? = 0
configure:3902: f77 -V >&5
f77: error: unrecognized command line option '-V'
f77: fatal error: no input files
compilation terminated.
configure:3913: $? = 1
configure:3902: f77 -qversion >&5
f77: error: unrecognized command line option '-qversion'; did you mean '--version'?
f77: fatal error: no input files
compilation terminated.
configure:3913: $? = 1
configure:3922: checking whether we are using the GNU Fortran 77 compiler
configure:3935: f77 -c  conftest.F >&5
configure:3935: $? = 0
configure:3944: result: yes
configure:3950: checking whether f77 accepts -g
configure:3961: f77 -c -g conftest.f >&5
configure:3961: $? = 0
configure:3969: result: yes
configure:3998: checking whether make sets $(MAKE)
configure:4020: result: yes
configure:4079: checking for ar
configure:4095: found /usr/bin/ar
configure:4106: result: ar
configure:4132: checking the archiver (ar) interface
configure:4142: g++ -c -g -O2  conftest.cpp >&5
configure:4142: $? = 0
configure:4144: ar cru libconftest.a conftest.o >&5
ar: `u' modifier ignored since `D' is the default (see `U')
configure:4147: $? = 0
configure:4170: result: ar
configure:4219: checking build system type
configure:4233: result: x86_64-unknown-linux-gnu
configure:4253: checking host system type
configure:4266: result: x86_64-unknown-linux-gnu
configure:4307: checking how to print strings
configure:4334: result: printf
configure:4403: checking for gcc
configure:4419: found /usr/bin/gcc
configure:4430: result: gcc
configure:4659: checking for C compiler version
configure:4668: gcc --version >&5
gcc (Ubuntu 7.5.0-3ubuntu1~18.04) 7.5.0
Copyright (C) 2017 Free Software Foundation, Inc.
This is free software; see the source for copying conditions.  There is NO
warranty; not even for MERCHANTABILITY or FITNESS FOR A PARTICULAR PURPOSE.

configure:4679: $? = 0
configure:4668: gcc -v >&5
Using built-in specs.
COLLECT_GCC=gcc
COLLECT_LTO_WRAPPER=/usr/lib/gcc/x86_64-linux-gnu/7/lto-wrapper
OFFLOAD_TARGET_NAMES=nvptx-none
OFFLOAD_TARGET_DEFAULT=1
Target: x86_64-linux-gnu
Configured with: ../src/configure -v --with-pkgversion='Ubuntu 7.5.0-3ubuntu1~18.04' --with-bugurl=file:///usr/share/doc/gcc-7/README.Bugs --enable-languages=c,ada,c++,go,brig,d,fortran,objc,obj-c++ --prefix=/usr --with-gcc-major-version-only --program-suffix=-7 --program-prefix=x86_64-linux-gnu- --enable-shared --enable-linker-build-id --libexecdir=/usr/lib --without-included-gettext --enable-threads=posix --libdir=/usr/lib --enable-nls --enable-bootstrap --enable-clocale=gnu --enable-libstdcxx-debug --enable-libstdcxx-time=yes --with-default-libstdcxx-abi=new --enable-gnu-unique-object --disable-vtable-verify --enable-libmpx --enable-plugin --enable-default-pie --with-system-zlib --with-target-system-zlib --enable-objc-gc=auto --enable-multiarch --disable-werror --with-arch-32=i686 --with-abi=m64 --with-multilib-list=m32,m64,mx32 --enable-multilib --with-tune=generic --enable-offload-targets=nvptx-none --without-cuda-driver --enable-checking=release --build=x86_64-linux-gnu --host=x86_64-linux-gnu --target=x86_64-linux-gnu
Thread model: posix
gcc version 7.5.0 (Ubuntu 7.5.0-3ubuntu1~18.04) 
configure:4679: $? = 0
configure:4668: gcc -V >&5
gcc: error: unrecognized command line option '-V'
gcc: fatal error: no input files
compilation terminated.
configure:4679: $? = 1
configure:4668: gcc -qversion >&5
gcc: error: unrecognized command line option '-qversion'; did you mean '--version'?
gcc: fatal error: no input files
compilation terminated.
configure:4679: $? = 1
configure:4683: checking whether we are using the GNU C compiler
configure:4702: gcc -c   conftest.c >&5
configure:4702: $? = 0
configure:4711: result: yes
configure:4720: checking whether gcc accepts -g
configure:4740: gcc -c -g  conftest.c >&5
configure:4740: $? = 0
configure:4781: result: yes
configure:4798: checking for gcc option to accept ISO C89
configure:4861: gcc  -c -g -O2  conftest.c >&5
configure:4861: $? = 0
configure:4874: result: none needed
configure:4896: checking dependency style of gcc
configure:5007: result: gcc3
configure:5022: checking for a sed that does not truncate output
configure:5086: result: /bin/sed
configure:5104: checking for grep that handles long lines and -e
configure:5162: result: /bin/grep
configure:5167: checking for egrep
configure:5229: result: /bin/grep -E
configure:5234: checking for fgrep
configure:5296: result: /bin/grep -F
configure:5331: checking for ld used by gcc
configure:5398: result: /usr/bin/ld
configure:5405: checking if the linker (/usr/bin/ld) is GNU ld
configure:5420: result: yes
configure:5432: checking for BSD- or MS-compatible name lister (nm)
configure:5481: result: /usr/bin/nm -B
configure:5611: checking the name lister (/usr/bin/nm -B) interface
configure:5618: g++ -c -g -O2  conftest.cpp >&5
configure:5621: /usr/bin/nm -B "conftest.o"
configure:5624: output
0000000000000000 B some_variable
configure:5631: result: BSD nm
configure:5634: checking whether ln -s works
configure:5638: result: yes
configure:5646: checking the maximum length of command line arguments
configure:5777: result: 1572864
configure:5794: checking whether the shell understands some XSI constructs
configure:5804: result: yes
configure:5808: checking whether the shell understands "+="
configure:5814: result: yes
configure:5849: checking how to convert x86_64-unknown-linux-gnu file names to x86_64-unknown-linux-gnu format
configure:5889: result: func_convert_file_noop
configure:5896: checking how to convert x86_64-unknown-linux-gnu file names to toolchain format
configure:5916: result: func_convert_file_noop
configure:5923: checking for /usr/bin/ld option to reload object files
configure:5930: result: -r
configure:6004: checking for objdump
configure:6020: found /usr/bin/objdump
configure:6031: result: objdump
configure:6063: checking how to recognize dependent libraries
configure:6261: result: pass_all
configure:6346: checking for dlltool
configure:6376: result: no
configure:6406: checking how to associate runtime and link libraries
configure:6433: result: printf %s\n
configure:6557: checking for archiver @FILE support
configure:6574: g++ -c -g -O2  conftest.cpp >&5
configure:6574: $? = 0
configure:6577: ar cru libconftest.a @conftest.lst >&5
ar: `u' modifier ignored since `D' is the default (see `U')
configure:6580: $? = 0
configure:6585: ar cru libconftest.a @conftest.lst >&5
ar: `u' modifier ignored since `D' is the default (see `U')
ar: conftest.o: No such file or directory
configure:6588: $? = 1
configure:6600: result: @
configure:6658: checking for strip
configure:6674: found /usr/bin/strip
configure:6685: result: strip
configure:6757: checking for ranlib
configure:6773: found /usr/bin/ranlib
configure:6784: result: ranlib
configure:6886: checking command to parse /usr/bin/nm -B output from gcc object
configure:7006: g++ -c -g -O2  conftest.cpp >&5
configure:7009: $? = 0
configure:7013: /usr/bin/nm -B conftest.o \| sed -n -e 's/^.*[ ]\([ABCDGIRSTW][ABCDGIRSTW]*\)[ ][ ]*\([_A-Za-z][_A-Za-z0-9]*\)$/\1 \2 \2/p' | sed '/ __gnu_lto/d' \> conftest.nm
configure:7016: $? = 0
configure:7082: g++ -o conftest -g -O2   conftest.cpp conftstm.o >&5
configure:7085: $? = 0
configure:7123: result: ok
configure:7160: checking for sysroot
configure:7190: result: no
configure:7268: g++ -c -g -O2  conftest.cpp >&5
configure:7271: $? = 0
configure:7460: checking for mt
configure:7476: found /bin/mt
configure:7487: result: mt
configure:7510: checking if mt is a manifest tool
configure:7516: mt '-?'
configure:7524: result: no
configure:8166: checking how to run the C preprocessor
configure:8197: gcc -E  conftest.c
configure:8197: $? = 0
configure:8211: gcc -E  conftest.c
conftest.c:11:10: fatal error: ac_nonexistent.h: No such file or directory
 #include <ac_nonexistent.h>
          ^~~~~~~~~~~~~~~~~~
compilation terminated.
configure:8211: $? = 1
configure: failed program was:
| /* confdefs.h */
| #define PACKAGE_NAME "adept"
| #define PACKAGE_TARNAME "adept"
| #define PACKAGE_VERSION "2.0.5"
| #define PACKAGE_STRING "adept 2.0.5"
| #define PACKAGE_BUGREPORT "r.j.hogan@ecmwf.int"
| #define PACKAGE_URL "http://www.met.reading.ac.uk/clouds/adept/"
| #define PACKAGE "adept"
| #define VERSION "2.0.5"
| /* end confdefs.h.  */
| #include <ac_nonexistent.h>
configure:8236: result: gcc -E
configure:8256: gcc -E  conftest.c
configure:8256: $? = 0
configure:8270: gcc -E  conftest.c
conftest.c:11:10: fatal error: ac_nonexistent.h: No such file or directory
 #include <ac_nonexistent.h>
          ^~~~~~~~~~~~~~~~~~
compilation terminated.
configure:8270: $? = 1
configure: failed program was:
| /* confdefs.h */
| #define PACKAGE_NAME "adept"
| #define PACKAGE_TARNAME "adept"
| #define PACKAGE_VERSION "2.0.5"
| #define PACKAGE_STRING "adept 2.0.5"
| #define PACKAGE_BUGREPORT "r.j.hogan@ecmwf.int"
| #define PACKAGE_URL "http://www.met.reading.ac.uk/clouds/adept/"
| #define PACKAGE "adept"
| #define VERSION "2.0.5"
| /* end confdefs.h.  */
| #include <ac_nonexistent.h>
configure:8299: checking for ANSI C header files
configure:8319: gcc -c -g -O2  conftest.c >&5
configure:8319: $? = 0
configure:8392: gcc -o conftest -g -O2   conftest.c  >&5
configure:8392: $? = 0
configure:8392: ./conftest
configure:8392: $? = 0
configure:8403: result: yes
configure:8416: checking for sys/types.h
configure:8416: gcc -c -g -O2  conftest.c >&5
configure:8416: $? = 0
configure:8416: result: yes
configure:8416: checking for sys/stat.h
configure:8416: gcc -c -g -O2  conftest.c >&5
configure:8416: $? = 0
configure:8416: result: yes
configure:8416: checking for stdlib.h
configure:8416: gcc -c -g -O2  conftest.c >&5
configure:8416: $? = 0
configure:8416: result: yes
configure:8416: checking for string.h
configure:8416: gcc -c -g -O2  conftest.c >&5
configure:8416: $? = 0
configure:8416: result: yes
configure:8416: checking for memory.h
configure:8416: gcc -c -g -O2  conftest.c >&5
configure:8416: $? = 0
configure:8416: result: yes
configure:8416: checking for strings.h
configure:8416: gcc -c -g -O2  conftest.c >&5
configure:8416: $? = 0
configure:8416: result: yes
configure:8416: checking for inttypes.h
configure:8416: gcc -c -g -O2  conftest.c >&5
configure:8416: $? = 0
configure:8416: result: yes
configure:8416: checking for stdint.h
configure:8416: gcc -c -g -O2  conftest.c >&5
configure:8416: $? = 0
configure:8416: result: yes
configure:8416: checking for unistd.h
configure:8416: gcc -c -g -O2  conftest.c >&5
configure:8416: $? = 0
configure:8416: result: yes
configure:8430: checking for dlfcn.h
configure:8430: gcc -c -g -O2  conftest.c >&5
configure:8430: $? = 0
configure:8430: result: yes
configure:8647: checking for objdir
configure:8662: result: .libs
configure:8933: checking if gcc supports -fno-rtti -fno-exceptions
configure:8951: gcc -c -g -O2  -fno-rtti -fno-exceptions conftest.c >&5
cc1: warning: command line option '-fno-rtti' is valid for C++/ObjC++ but not for C
configure:8955: $? = 0
configure:8968: result: no
configure:9295: checking for gcc option to produce PIC
configure:9302: result: -fPIC -DPIC
configure:9310: checking if gcc PIC flag -fPIC -DPIC works
configure:9328: gcc -c -g -O2  -fPIC -DPIC -DPIC conftest.c >&5
configure:9332: $? = 0
configure:9345: result: yes
configure:9374: checking if gcc static flag -static works
configure:9402: result: yes
configure:9417: checking if gcc supports -c -o file.o
configure:9438: gcc -c -g -O2  -o out/conftest2.o conftest.c >&5
configure:9442: $? = 0
configure:9464: result: yes
configure:9472: checking if gcc supports -c -o file.o
configure:9519: result: yes
configure:9552: checking whether the gcc linker (/usr/bin/ld -m elf_x86_64) supports shared libraries
configure:10709: result: yes
configure:10746: checking whether -lc should be explicitly linked in
configure:10754: gcc -c -g -O2  conftest.c >&5
configure:10757: $? = 0
configure:10772: gcc -shared  -fPIC -DPIC conftest.o  -v -Wl,-soname -Wl,conftest -o conftest 2\>\&1 \| /bin/grep  -lc  \>/dev/null 2\>\&1
configure:10775: $? = 0
configure:10789: result: no
configure:10949: checking dynamic linker characteristics
configure:11449: gcc -o conftest -g -O2   -Wl,-rpath -Wl,/foo conftest.c  >&5
configure:11449: $? = 0
configure:11683: result: GNU/Linux ld.so
configure:11790: checking how to hardcode library paths into programs
configure:11815: result: immediate
configure:12355: checking whether stripping libraries is possible
configure:12360: result: yes
configure:12395: checking if libtool supports shared libraries
configure:12397: result: yes
configure:12400: checking whether to build shared libraries
configure:12421: result: yes
configure:12424: checking whether to build static libraries
configure:12428: result: yes
configure:12451: checking how to run the C++ preprocessor
configure:12478: g++ -E  conftest.cpp
configure:12478: $? = 0
configure:12492: g++ -E  conftest.cpp
conftest.cpp:23:10: fatal error: ac_nonexistent.h: No such file or directory
 #include <ac_nonexistent.h>
          ^~~~~~~~~~~~~~~~~~
compilation terminated.
configure:12492: $? = 1
configure: failed program was:
| /* confdefs.h */
| #define PACKAGE_NAME "adept"
| #define PACKAGE_TARNAME "adept"
| #define PACKAGE_VERSION "2.0.5"
| #define PACKAGE_STRING "adept 2.0.5"
| #define PACKAGE_BUGREPORT "r.j.hogan@ecmwf.int"
| #define PACKAGE_URL "http://www.met.reading.ac.uk/clouds/adept/"
| #define PACKAGE "adept"
| #define VERSION "2.0.5"
| #define STDC_HEADERS 1
| #define HAVE_SYS_TYPES_H 1
| #define HAVE_SYS_STAT_H 1
| #define HAVE_STDLIB_H 1
| #define HAVE_STRING_H 1
| #define HAVE_MEMORY_H 1
| #define HAVE_STRINGS_H 1
| #define HAVE_INTTYPES_H 1
| #define HAVE_STDINT_H 1
| #define HAVE_UNISTD_H 1
| #define HAVE_DLFCN_H 1
| #define LT_OBJDIR ".libs/"
| /* end confdefs.h.  */
| #include <ac_nonexistent.h>
configure:12517: result: g++ -E
configure:12537: g++ -E  conftest.cpp
configure:12537: $? = 0
configure:12551: g++ -E  conftest.cpp
conftest.cpp:23:10: fatal error: ac_nonexistent.h: No such file or directory
 #include <ac_nonexistent.h>
          ^~~~~~~~~~~~~~~~~~
compilation terminated.
configure:12551: $? = 1
configure: failed program was:
| /* confdefs.h */
| #define PACKAGE_NAME "adept"
| #define PACKAGE_TARNAME "adept"
| #define PACKAGE_VERSION "2.0.5"
| #define PACKAGE_STRING "adept 2.0.5"
| #define PACKAGE_BUGREPORT "r.j.hogan@ecmwf.int"
| #define PACKAGE_URL "http://www.met.reading.ac.uk/clouds/adept/"
| #define PACKAGE "adept"
| #define VERSION "2.0.5"
| #define STDC_HEADERS 1
| #define HAVE_SYS_TYPES_H 1
| #define HAVE_SYS_STAT_H 1
| #define HAVE_STDLIB_H 1
| #define HAVE_STRING_H 1
| #define HAVE_MEMORY_H 1
| #define HAVE_STRINGS_H 1
| #define HAVE_INTTYPES_H 1
| #define HAVE_STDINT_H 1
| #define HAVE_UNISTD_H 1
| #define HAVE_DLFCN_H 1
| #define LT_OBJDIR ".libs/"
| /* end confdefs.h.  */
| #include <ac_nonexistent.h>
configure:12720: checking for ld used by g++
configure:12787: result: /usr/bin/ld -m elf_x86_64
configure:12794: checking if the linker (/usr/bin/ld -m elf_x86_64) is GNU ld
configure:12809: result: yes
configure:12864: checking whether the g++ linker (/usr/bin/ld -m elf_x86_64) supports shared libraries
configure:13866: result: yes
configure:13902: g++ -c -g -O2  conftest.cpp >&5
configure:13905: $? = 0
configure:14425: checking for g++ option to produce PIC
configure:14432: result: -fPIC -DPIC
configure:14440: checking if g++ PIC flag -fPIC -DPIC works
configure:14458: g++ -c -g -O2  -fPIC -DPIC -DPIC conftest.cpp >&5
configure:14462: $? = 0
configure:14475: result: yes
configure:14498: checking if g++ static flag -static works
configure:14526: result: yes
configure:14538: checking if g++ supports -c -o file.o
configure:14559: g++ -c -g -O2  -o out/conftest2.o conftest.cpp >&5
configure:14563: $? = 0
configure:14585: result: yes
configure:14590: checking if g++ supports -c -o file.o
configure:14637: result: yes
configure:14667: checking whether the g++ linker (/usr/bin/ld -m elf_x86_64) supports shared libraries
configure:14706: result: yes
configure:14847: checking dynamic linker characteristics
configure:15515: result: GNU/Linux ld.so
configure:15568: checking how to hardcode library paths into programs
configure:15593: result: immediate
configure:15741: checking if libtool supports shared libraries
configure:15743: result: yes
configure:15746: checking whether to build shared libraries
configure:15766: result: yes
configure:15769: checking whether to build static libraries
configure:15773: result: yes
configure:16094: checking for f77 option to produce PIC
configure:16101: result: -fPIC
configure:16109: checking if f77 PIC flag -fPIC works
configure:16127: f77 -c -g -O2 -fPIC conftest.f >&5
configure:16131: $? = 0
configure:16144: result: yes
configure:16167: checking if f77 static flag -static works
configure:16195: result: yes
configure:16207: checking if f77 supports -c -o file.o
configure:16228: f77 -c -g -O2 -o out/conftest2.o conftest.f >&5
configure:16232: $? = 0
configure:16254: result: yes
configure:16259: checking if f77 supports -c -o file.o
configure:16306: result: yes
configure:16336: checking whether the f77 linker (/usr/bin/ld -m elf_x86_64) supports shared libraries
configure:17443: result: yes
configure:17584: checking dynamic linker characteristics
configure:18246: result: GNU/Linux ld.so
configure:18299: checking how to hardcode library paths into programs
configure:18324: result: immediate
configure:18381: checking sys/time.h usability
configure:18381: g++ -c -g -O2  conftest.cpp >&5
configure:18381: $? = 0
configure:18381: result: yes
configure:18381: checking sys/time.h presence
configure:18381: g++ -E  conftest.cpp
configure:18381: $? = 0
configure:18381: result: yes
configure:18381: checking for sys/time.h
configure:18381: result: yes
configure:18394: checking for gettimeofday
configure:18394: g++ -o conftest -g -O2   conftest.cpp  >&5
configure:18394: $? = 0
configure:18394: result: yes
configure:18394: checking for pow
configure:18394: g++ -o conftest -g -O2   conftest.cpp  >&5
conftest.cpp:48:6: warning: declaration of 'char pow()' conflicts with built-in declaration 'double pow(double, double)' [-Wbuiltin-declaration-mismatch]
 char pow ();
      ^~~
configure:18394: $? = 0
configure:18394: result: yes
configure:18394: checking for sqrt
configure:18394: g++ -o conftest -g -O2   conftest.cpp  >&5
conftest.cpp:49:6: warning: declaration of 'char sqrt()' conflicts with built-in declaration 'double sqrt(double)' [-Wbuiltin-declaration-mismatch]
 char sqrt ();
      ^~~~
configure:18394: $? = 0
configure:18394: result: yes
configure:18413: checking for g++ option to support OpenMP
configure:18428: g++ -o conftest -g -O2   conftest.cpp  >&5
conftest.cpp:29:2: error: 'choke' does not name a type
  choke me
  ^~~~~
In file included from conftest.cpp:31:0:
/usr/lib/gcc/x86_64-linux-gnu/7/include/omp.h:39:3: error: 'omp_lock_t' does not name a type
 } omp_lock_t;
   ^~~~~~~~~~
/usr/lib/gcc/x86_64-linux-gnu/7/include/omp.h:100:28: error: variable or field 'omp_init_lock' declared void
 extern void omp_init_lock (omp_lock_t *) __GOMP_NOTHROW;
                            ^~~~~~~~~~
/usr/lib/gcc/x86_64-linux-gnu/7/include/omp.h:100:28: error: 'omp_lock_t' was not declared in this scope
/usr/lib/gcc/x86_64-linux-gnu/7/include/omp.h:100:28: note: suggested alternative: 'omp_lock_hint_t'
 extern void omp_init_lock (omp_lock_t *) __GOMP_NOTHROW;
                            ^~~~~~~~~~
                            omp_lock_hint_t
/usr/lib/gcc/x86_64-linux-gnu/7/include/omp.h:100:40: error: expected primary-expression before ')' token
 extern void omp_init_lock (omp_lock_t *) __GOMP_NOTHROW;
                                        ^
/usr/lib/gcc/x86_64-linux-gnu/7/include/omp.h:101:38: error: variable or field 'omp_init_lock_with_hint' declared void
 extern void omp_init_lock_with_hint (omp_lock_t *, omp_lock_hint_t)
                                      ^~~~~~~~~~
/usr/lib/gcc/x86_64-linux-gnu/7/include/omp.h:101:38: error: 'omp_lock_t' was not declared in this scope
/usr/lib/gcc/x86_64-linux-gnu/7/include/omp.h:101:38: note: suggested alternative: 'omp_lock_hint_t'
 extern void omp_init_lock_with_hint (omp_lock_t *, omp_lock_hint_t)
                                      ^~~~~~~~~~
                                      omp_lock_hint_t
/usr/lib/gcc/x86_64-linux-gnu/7/include/omp.h:101:50: error: expected primary-expression before ',' token
 extern void omp_init_lock_with_hint (omp_lock_t *, omp_lock_hint_t)
                                                  ^
/usr/lib/gcc/x86_64-linux-gnu/7/include/omp.h:101:67: error: expected primary-expression before ')' token
 extern void omp_init_lock_with_hint (omp_lock_t *, omp_lock_hint_t)
                                                                   ^
/usr/lib/gcc/x86_64-linux-gnu/7/include/omp.h:103:31: error: variable or field 'omp_destroy_lock' declared void
 extern void omp_destroy_lock (omp_lock_t *) __GOMP_NOTHROW;
                               ^~~~~~~~~~
/usr/lib/gcc/x86_64-linux-gnu/7/include/omp.h:103:31: error: 'omp_lock_t' was not declared in this scope
/usr/lib/gcc/x86_64-linux-gnu/7/include/omp.h:103:31: note: suggested alternative: 'omp_lock_hint_t'
 extern void omp_destroy_lock (omp_lock_t *) __GOMP_NOTHROW;
                               ^~~~~~~~~~
                               omp_lock_hint_t
/usr/lib/gcc/x86_64-linux-gnu/7/include/omp.h:103:43: error: expected primary-expression before ')' token
 extern void omp_destroy_lock (omp_lock_t *) __GOMP_NOTHROW;
                                           ^
/usr/lib/gcc/x86_64-linux-gnu/7/include/omp.h:104:27: error: variable or field 'omp_set_lock' declared void
 extern void omp_set_lock (omp_lock_t *) __GOMP_NOTHROW;
                           ^~~~~~~~~~
/usr/lib/gcc/x86_64-linux-gnu/7/include/omp.h:104:27: error: 'omp_lock_t' was not declared in this scope
/usr/lib/gcc/x86_64-linux-gnu/7/include/omp.h:104:27: note: suggested alternative: 'omp_lock_hint_t'
 extern void omp_set_lock (omp_lock_t *) __GOMP_NOTHROW;
                           ^~~~~~~~~~
                           omp_lock_hint_t
/usr/lib/gcc/x86_64-linux-gnu/7/include/omp.h:104:39: error: expected primary-expression before ')' token
 extern void omp_set_lock (omp_lock_t *) __GOMP_NOTHROW;
                                       ^
/usr/lib/gcc/x86_64-linux-gnu/7/include/omp.h:105:29: error: variable or field 'omp_unset_lock' declared void
 extern void omp_unset_lock (omp_lock_t *) __GOMP_NOTHROW;
                             ^~~~~~~~~~
/usr/lib/gcc/x86_64-linux-gnu/7/include/omp.h:105:29: error: 'omp_lock_t' was not declared in this scope
/usr/lib/gcc/x86_64-linux-gnu/7/include/omp.h:105:29: note: suggested alternative: 'omp_lock_hint_t'
 extern void omp_unset_lock (omp_lock_t *) __GOMP_NOTHROW;
                             ^~~~~~~~~~
                             omp_lock_hint_t
/usr/lib/gcc/x86_64-linux-gnu/7/include/omp.h:105:41: error: expected primary-expression before ')' token
 extern void omp_unset_lock (omp_lock_t *) __GOMP_NOTHROW;
                                         ^
/usr/lib/gcc/x86_64-linux-gnu/7/include/omp.h:106:27: error: 'omp_lock_t' was not declared in this scope
 extern int omp_test_lock (omp_lock_t *) __GOMP_NOTHROW;
                           ^~~~~~~~~~
/usr/lib/gcc/x86_64-linux-gnu/7/include/omp.h:106:27: note: suggested alternative: 'omp_lock_hint_t'
 extern int omp_test_lock (omp_lock_t *) __GOMP_NOTHROW;
                           ^~~~~~~~~~
                           omp_lock_hint_t
/usr/lib/gcc/x86_64-linux-gnu/7/include/omp.h:106:39: error: expected primary-expression before ')' token
 extern int omp_test_lock (omp_lock_t *) __GOMP_NOTHROW;
                                       ^
configure:18428: $? = 1
configure: failed program was:
| /* confdefs.h */
| #define PACKAGE_NAME "adept"
| #define PACKAGE_TARNAME "adept"
| #define PACKAGE_VERSION "2.0.5"
| #define PACKAGE_STRING "adept 2.0.5"
| #define PACKAGE_BUGREPORT "r.j.hogan@ecmwf.int"
| #define PACKAGE_URL "http://www.met.reading.ac.uk/clouds/adept/"
| #define PACKAGE "adept"
| #define VERSION "2.0.5"
| #define STDC_HEADERS 1
| #define HAVE_SYS_TYPES_H 1
| #define HAVE_SYS_STAT_H 1
| #define HAVE_STDLIB_H 1
| #define HAVE_STRING_H 1
| #define HAVE_MEMORY_H 1
| #define HAVE_STRINGS_H 1
| #define HAVE_INTTYPES_H 1
| #define HAVE_STDINT_H 1
| #define HAVE_UNISTD_H 1
| #define HAVE_DLFCN_H 1
| #define LT_OBJDIR ".libs/"
| #define HAVE_SYS_TIME_H 1
| #define HAVE_GETTIMEOFDAY 1
| #define HAVE_POW 1
| #define HAVE_SQRT 1
| /* end confdefs.h.  */
| 
| #ifndef _OPENMP
|  choke me
| #endif
| #include <omp.h>
| int main () { return omp_get_num_threads (); }
| 
configure:18446: g++ -o conftest -g -O2 -fopenmp   conftest.cpp  >&5
configure:18446: $? = 0
configure:18460: result: -fopenmp
configure:18482: checking how to get verbose linking output from f77
configure:18492: f77 -c -g -O2 conftest.f >&5
configure:18492: $? = 0
configure:18510: f77 -o conftest -g -O2 -v conftest.f
Using built-in specs.
Target: x86_64-linux-gnu
Thread model: posix
gcc version 7.5.0 (Ubuntu 7.5.0-3ubuntu1~18.04) 
 /usr/lib/gcc/x86_64-linux-gnu/7/f951 conftest.f -ffixed-form -quiet -dumpbase conftest.f -mtune=generic -march=x86-64 -auxbase conftest -g -O2 -version -fintrinsic-modules-path /usr/lib/gcc/x86_64-linux-gnu/7/finclude -o /tmp/ccFtq2Lp.s
GNU Fortran (Ubuntu 7.5.0-3ubuntu1~18.04) version 7.5.0 (x86_64-linux-gnu)
	compiled by GNU C version 7.5.0, GMP version 6.1.2, MPFR version 4.0.1, MPC version 1.1.0, isl version isl-0.19-GMP

GGC heuristics: --param ggc-min-expand=100 --param ggc-min-heapsize=131072
GNU Fortran2008 (Ubuntu 7.5.0-3ubuntu1~18.04) version 7.5.0 (x86_64-linux-gnu)
	compiled by GNU C version 7.5.0, GMP version 6.1.2, MPFR version 4.0.1, MPC version 1.1.0, isl version isl-0.19-GMP

GGC heuristics: --param ggc-min-expand=100 --param ggc-min-heapsize=131072
 as -v --64 -o /tmp/ccRFqCne.o /tmp/ccFtq2Lp.s
GNU assembler version 2.30 (x86_64-linux-gnu) using BFD version (GNU Binutils for Ubuntu) 2.30
Reading specs from /usr/lib/gcc/x86_64-linux-gnu/7/libgfortran.spec
rename spec lib to liborig
 /usr/lib/gcc/x86_64-linux-gnu/7/collect2 -plugin /usr/lib/gcc/x86_64-linux-gnu/7/liblto_plugin.so -plugin-opt=/usr/lib/gcc/x86_64-linux-gnu/7/lto-wrapper -plugin-opt=-fresolution=/tmp/ccobiG02.res -plugin-opt=-pass-through=-lgcc_s -plugin-opt=-pass-through=-lgcc -plugin-opt=-pass-through=-lquadmath -plugin-opt=-pass-through=-lm -plugin-opt=-pass-through=-lgcc_s -plugin-opt=-pass-through=-lgcc -plugin-opt=-pass-through=-lc -plugin-opt=-pass-through=-lgcc_s -plugin-opt=-pass-through=-lgcc --build-id --eh-frame-hdr -m elf_x86_64 --hash-style=gnu --as-needed -dynamic-linker /lib64/ld-linux-x86-64.so.2 -pie -z now -z relro -o conftest /usr/lib/gcc/x86_64-linux-gnu/7/../../../x86_64-linux-gnu/Scrt1.o /usr/lib/gcc/x86_64-linux-gnu/7/../../../x86_64-linux-gnu/crti.o /usr/lib/gcc/x86_64-linux-gnu/7/crtbeginS.o -L/usr/lib/gcc/x86_64-linux-gnu/7 -L/usr/lib/gcc/x86_64-linux-gnu/7/../../../x86_64-linux-gnu -L/usr/lib/gcc/x86_64-linux-gnu/7/../../../../lib -L/lib/x86_64-linux-gnu -L/lib/../lib -L/usr/lib/x86_64-linux-gnu -L/usr/lib/../lib -L/usr/lib/gcc/x86_64-linux-gnu/7/../../.. /tmp/ccRFqCne.o -lgfortran -lm -lgcc_s -lgcc -lquadmath -lm -lgcc_s -lgcc -lc -lgcc_s -lgcc /usr/lib/gcc/x86_64-linux-gnu/7/crtendS.o /usr/lib/gcc/x86_64-linux-gnu/7/../../../x86_64-linux-gnu/crtn.o
configure:18593: result: -v
configure:18595: checking for Fortran 77 libraries of f77
configure:18618: f77 -o conftest -g -O2 -v conftest.f
Using built-in specs.
Target: x86_64-linux-gnu
Thread model: posix
gcc version 7.5.0 (Ubuntu 7.5.0-3ubuntu1~18.04) 
 /usr/lib/gcc/x86_64-linux-gnu/7/f951 conftest.f -ffixed-form -quiet -dumpbase conftest.f -mtune=generic -march=x86-64 -auxbase conftest -g -O2 -version -fintrinsic-modules-path /usr/lib/gcc/x86_64-linux-gnu/7/finclude -o /tmp/cc8kHTnx.s
GNU Fortran (Ubuntu 7.5.0-3ubuntu1~18.04) version 7.5.0 (x86_64-linux-gnu)
	compiled by GNU C version 7.5.0, GMP version 6.1.2, MPFR version 4.0.1, MPC version 1.1.0, isl version isl-0.19-GMP

GGC heuristics: --param ggc-min-expand=100 --param ggc-min-heapsize=131072
GNU Fortran2008 (Ubuntu 7.5.0-3ubuntu1~18.04) version 7.5.0 (x86_64-linux-gnu)
	compiled by GNU C version 7.5.0, GMP version 6.1.2, MPFR version 4.0.1, MPC version 1.1.0, isl version isl-0.19-GMP

GGC heuristics: --param ggc-min-expand=100 --param ggc-min-heapsize=131072
 as -v --64 -o /tmp/cclD2Xgm.o /tmp/cc8kHTnx.s
GNU assembler version 2.30 (x86_64-linux-gnu) using BFD version (GNU Binutils for Ubuntu) 2.30
Reading specs from /usr/lib/gcc/x86_64-linux-gnu/7/libgfortran.spec
rename spec lib to liborig
 /usr/lib/gcc/x86_64-linux-gnu/7/collect2 -plugin /usr/lib/gcc/x86_64-linux-gnu/7/liblto_plugin.so -plugin-opt=/usr/lib/gcc/x86_64-linux-gnu/7/lto-wrapper -plugin-opt=-fresolution=/tmp/ccxlhjbb.res -plugin-opt=-pass-through=-lgcc_s -plugin-opt=-pass-through=-lgcc -plugin-opt=-pass-through=-lquadmath -plugin-opt=-pass-through=-lm -plugin-opt=-pass-through=-lgcc_s -plugin-opt=-pass-through=-lgcc -plugin-opt=-pass-through=-lc -plugin-opt=-pass-through=-lgcc_s -plugin-opt=-pass-through=-lgcc --build-id --eh-frame-hdr -m elf_x86_64 --hash-style=gnu --as-needed -dynamic-linker /lib64/ld-linux-x86-64.so.2 -pie -z now -z relro -o conftest /usr/lib/gcc/x86_64-linux-gnu/7/../../../x86_64-linux-gnu/Scrt1.o /usr/lib/gcc/x86_64-linux-gnu/7/../../../x86_64-linux-gnu/crti.o /usr/lib/gcc/x86_64-linux-gnu/7/crtbeginS.o -L/usr/lib/gcc/x86_64-linux-gnu/7 -L/usr/lib/gcc/x86_64-linux-gnu/7/../../../x86_64-linux-gnu -L/usr/lib/gcc/x86_64-linux-gnu/7/../../../../lib -L/lib/x86_64-linux-gnu -L/lib/../lib -L/usr/lib/x86_64-linux-gnu -L/usr/lib/../lib -L/usr/lib/gcc/x86_64-linux-gnu/7/../../.. /tmp/cclD2Xgm.o -lgfortran -lm -lgcc_s -lgcc -lquadmath -lm -lgcc_s -lgcc -lc -lgcc_s -lgcc /usr/lib/gcc/x86_64-linux-gnu/7/crtendS.o /usr/lib/gcc/x86_64-linux-gnu/7/../../../x86_64-linux-gnu/crtn.o
configure:18814: result:  -L/usr/lib/gcc/x86_64-linux-gnu/7 -L/usr/lib/gcc/x86_64-linux-gnu/7/../../../x86_64-linux-gnu -L/usr/lib/gcc/x86_64-linux-gnu/7/../../../../lib -L/lib/x86_64-linux-gnu -L/lib/../lib -L/usr/lib/x86_64-linux-gnu -L/usr/lib/../lib -L/usr/lib/gcc/x86_64-linux-gnu/7/../../.. -lgfortran -lm -lquadmath
configure:18831: checking for dummy main to link with Fortran 77 libraries
configure:18865: gcc -o conftest -g -O2   conftest.c   -L/usr/lib/gcc/x86_64-linux-gnu/7 -L/usr/lib/gcc/x86_64-linux-gnu/7/../../../x86_64-linux-gnu -L/usr/lib/gcc/x86_64-linux-gnu/7/../../../../lib -L/lib/x86_64-linux-gnu -L/lib/../lib -L/usr/lib/x86_64-linux-gnu -L/usr/lib/../lib -L/usr/lib/gcc/x86_64-linux-gnu/7/../../.. -lgfortran -lm -lquadmath >&5
configure:18865: $? = 0
configure:18910: result: none
configure:18943: checking for Fortran 77 name-mangling scheme
configure:18956: f77 -c -g -O2 conftest.f >&5
configure:18956: $? = 0
configure:18997: gcc -o conftest -g -O2   conftest.c cfortran_test.o   -L/usr/lib/gcc/x86_64-linux-gnu/7 -L/usr/lib/gcc/x86_64-linux-gnu/7/../../../x86_64-linux-gnu -L/usr/lib/gcc/x86_64-linux-gnu/7/../../../../lib -L/lib/x86_64-linux-gnu -L/lib/../lib -L/usr/lib/x86_64-linux-gnu -L/usr/lib/../lib -L/usr/lib/gcc/x86_64-linux-gnu/7/../../.. -lgfortran -lm -lquadmath >&5
/tmp/ccMlhSOB.o: In function `main':
/home/mark/amrex_implicit_interfaces/autodiff/adept-2.0.5/conftest.c:46: undefined reference to `foobar'
collect2: error: ld returned 1 exit status
configure:18997: $? = 1
configure: failed program was:
| /* confdefs.h */
| #define PACKAGE_NAME "adept"
| #define PACKAGE_TARNAME "adept"
| #define PACKAGE_VERSION "2.0.5"
| #define PACKAGE_STRING "adept 2.0.5"
| #define PACKAGE_BUGREPORT "r.j.hogan@ecmwf.int"
| #define PACKAGE_URL "http://www.met.reading.ac.uk/clouds/adept/"
| #define PACKAGE "adept"
| #define VERSION "2.0.5"
| #define STDC_HEADERS 1
| #define HAVE_SYS_TYPES_H 1
| #define HAVE_SYS_STAT_H 1
| #define HAVE_STDLIB_H 1
| #define HAVE_STRING_H 1
| #define HAVE_MEMORY_H 1
| #define HAVE_STRINGS_H 1
| #define HAVE_INTTYPES_H 1
| #define HAVE_STDINT_H 1
| #define HAVE_UNISTD_H 1
| #define HAVE_DLFCN_H 1
| #define LT_OBJDIR ".libs/"
| #define HAVE_SYS_TIME_H 1
| #define HAVE_GETTIMEOFDAY 1
| #define HAVE_POW 1
| #define HAVE_SQRT 1
| /* end confdefs.h.  */
| 
| /* Override any GCC internal prototype to avoid an error.
|    Use char because int might match the return type of a GCC
|    builtin and then its argument prototype would still apply.  */
| #ifdef __cplusplus
| extern "C"
| #endif
| char foobar ();
| #ifdef F77_DUMMY_MAIN
| 
| #  ifdef __cplusplus
|      extern "C"
| #  endif
|    int F77_DUMMY_MAIN() { return 1; }
| 
| #endif
| int
| main ()
| {
| return foobar ();
|   ;
|   return 0;
| }
configure:18997: gcc -o conftest -g -O2   conftest.c cfortran_test.o   -L/usr/lib/gcc/x86_64-linux-gnu/7 -L/usr/lib/gcc/x86_64-linux-gnu/7/../../../x86_64-linux-gnu -L/usr/lib/gcc/x86_64-linux-gnu/7/../../../../lib -L/lib/x86_64-linux-gnu -L/lib/../lib -L/usr/lib/x86_64-linux-gnu -L/usr/lib/../lib -L/usr/lib/gcc/x86_64-linux-gnu/7/../../.. -lgfortran -lm -lquadmath >&5
configure:18997: $? = 0
configure:19055: gcc -o conftest -g -O2   conftest.c cfortran_test.o   -L/usr/lib/gcc/x86_64-linux-gnu/7 -L/usr/lib/gcc/x86_64-linux-gnu/7/../../../x86_64-linux-gnu -L/usr/lib/gcc/x86_64-linux-gnu/7/../../../../lib -L/lib/x86_64-linux-gnu -L/lib/../lib -L/usr/lib/x86_64-linux-gnu -L/usr/lib/../lib -L/usr/lib/gcc/x86_64-linux-gnu/7/../../.. -lgfortran -lm -lquadmath >&5
configure:19055: $? = 0
configure:19097: result: lower case, underscore, no extra underscore
configure:19216: checking if sgemm_ is being linked in already
configure:19244: g++ -o conftest -g -O2   conftest.cpp   -L/usr/lib/gcc/x86_64-linux-gnu/7 -L/usr/lib/gcc/x86_64-linux-gnu/7/../../../x86_64-linux-gnu -L/usr/lib/gcc/x86_64-linux-gnu/7/../../../../lib -L/lib/x86_64-linux-gnu -L/lib/../lib -L/usr/lib/x86_64-linux-gnu -L/usr/lib/../lib -L/usr/lib/gcc/x86_64-linux-gnu/7/../../.. -lgfortran -lm -lquadmath >&5
/tmp/ccNqdpqR.o: In function `main':
/home/mark/amrex_implicit_interfaces/autodiff/adept-2.0.5/conftest.cpp:46: undefined reference to `sgemm_'
collect2: error: ld returned 1 exit status
configure:19244: $? = 1
configure: failed program was:
| /* confdefs.h */
| #define PACKAGE_NAME "adept"
| #define PACKAGE_TARNAME "adept"
| #define PACKAGE_VERSION "2.0.5"
| #define PACKAGE_STRING "adept 2.0.5"
| #define PACKAGE_BUGREPORT "r.j.hogan@ecmwf.int"
| #define PACKAGE_URL "http://www.met.reading.ac.uk/clouds/adept/"
| #define PACKAGE "adept"
| #define VERSION "2.0.5"
| #define STDC_HEADERS 1
| #define HAVE_SYS_TYPES_H 1
| #define HAVE_SYS_STAT_H 1
| #define HAVE_STDLIB_H 1
| #define HAVE_STRING_H 1
| #define HAVE_MEMORY_H 1
| #define HAVE_STRINGS_H 1
| #define HAVE_INTTYPES_H 1
| #define HAVE_STDINT_H 1
| #define HAVE_UNISTD_H 1
| #define HAVE_DLFCN_H 1
| #define LT_OBJDIR ".libs/"
| #define HAVE_SYS_TIME_H 1
| #define HAVE_GETTIMEOFDAY 1
| #define HAVE_POW 1
| #define HAVE_SQRT 1
| /* end confdefs.h.  */
| 
| /* Override any GCC internal prototype to avoid an error.
|    Use char because int might match the return type of a GCC
|    builtin and then its argument prototype would still apply.  */
| #ifdef __cplusplus
| extern "C"
| #endif
| char sgemm_ ();
| #ifdef F77_DUMMY_MAIN
| 
| #  ifdef __cplusplus
|      extern "C"
| #  endif
|    int F77_DUMMY_MAIN() { return 1; }
| 
| #endif
| int
| main ()
| {
| return sgemm_ ();
|   ;
|   return 0;
| }
configure:19249: result: no
configure:19257: checking for sgemm_ in -lopenblas
configure:19290: g++ -o conftest -g -O2   conftest.cpp -lopenblas    -L/usr/lib/gcc/x86_64-linux-gnu/7 -L/usr/lib/gcc/x86_64-linux-gnu/7/../../../x86_64-linux-gnu -L/usr/lib/gcc/x86_64-linux-gnu/7/../../../../lib -L/lib/x86_64-linux-gnu -L/lib/../lib -L/usr/lib/x86_64-linux-gnu -L/usr/lib/../lib -L/usr/lib/gcc/x86_64-linux-gnu/7/../../.. -lgfortran -lm -lquadmath >&5
/usr/bin/ld: cannot find -lopenblas
collect2: error: ld returned 1 exit status
configure:19290: $? = 1
configure: failed program was:
| /* confdefs.h */
| #define PACKAGE_NAME "adept"
| #define PACKAGE_TARNAME "adept"
| #define PACKAGE_VERSION "2.0.5"
| #define PACKAGE_STRING "adept 2.0.5"
| #define PACKAGE_BUGREPORT "r.j.hogan@ecmwf.int"
| #define PACKAGE_URL "http://www.met.reading.ac.uk/clouds/adept/"
| #define PACKAGE "adept"
| #define VERSION "2.0.5"
| #define STDC_HEADERS 1
| #define HAVE_SYS_TYPES_H 1
| #define HAVE_SYS_STAT_H 1
| #define HAVE_STDLIB_H 1
| #define HAVE_STRING_H 1
| #define HAVE_MEMORY_H 1
| #define HAVE_STRINGS_H 1
| #define HAVE_INTTYPES_H 1
| #define HAVE_STDINT_H 1
| #define HAVE_UNISTD_H 1
| #define HAVE_DLFCN_H 1
| #define LT_OBJDIR ".libs/"
| #define HAVE_SYS_TIME_H 1
| #define HAVE_GETTIMEOFDAY 1
| #define HAVE_POW 1
| #define HAVE_SQRT 1
| /* end confdefs.h.  */
| 
| /* Override any GCC internal prototype to avoid an error.
|    Use char because int might match the return type of a GCC
|    builtin and then its argument prototype would still apply.  */
| #ifdef __cplusplus
| extern "C"
| #endif
| char sgemm_ ();
| #ifdef F77_DUMMY_MAIN
| 
| #  ifdef __cplusplus
|      extern "C"
| #  endif
|    int F77_DUMMY_MAIN() { return 1; }
| 
| #endif
| int
| main ()
| {
| return sgemm_ ();
|   ;
|   return 0;
| }
configure:19300: result: no
configure:19311: checking for ATL_xerbla in -latlas
configure:19344: g++ -o conftest -g -O2   conftest.cpp -latlas    -L/usr/lib/gcc/x86_64-linux-gnu/7 -L/usr/lib/gcc/x86_64-linux-gnu/7/../../../x86_64-linux-gnu -L/usr/lib/gcc/x86_64-linux-gnu/7/../../../../lib -L/lib/x86_64-linux-gnu -L/lib/../lib -L/usr/lib/x86_64-linux-gnu -L/usr/lib/../lib -L/usr/lib/gcc/x86_64-linux-gnu/7/../../.. -lgfortran -lm -lquadmath >&5
/usr/bin/ld: cannot find -latlas
collect2: error: ld returned 1 exit status
configure:19344: $? = 1
configure: failed program was:
| /* confdefs.h */
| #define PACKAGE_NAME "adept"
| #define PACKAGE_TARNAME "adept"
| #define PACKAGE_VERSION "2.0.5"
| #define PACKAGE_STRING "adept 2.0.5"
| #define PACKAGE_BUGREPORT "r.j.hogan@ecmwf.int"
| #define PACKAGE_URL "http://www.met.reading.ac.uk/clouds/adept/"
| #define PACKAGE "adept"
| #define VERSION "2.0.5"
| #define STDC_HEADERS 1
| #define HAVE_SYS_TYPES_H 1
| #define HAVE_SYS_STAT_H 1
| #define HAVE_STDLIB_H 1
| #define HAVE_STRING_H 1
| #define HAVE_MEMORY_H 1
| #define HAVE_STRINGS_H 1
| #define HAVE_INTTYPES_H 1
| #define HAVE_STDINT_H 1
| #define HAVE_UNISTD_H 1
| #define HAVE_DLFCN_H 1
| #define LT_OBJDIR ".libs/"
| #define HAVE_SYS_TIME_H 1
| #define HAVE_GETTIMEOFDAY 1
| #define HAVE_POW 1
| #define HAVE_SQRT 1
| /* end confdefs.h.  */
| 
| /* Override any GCC internal prototype to avoid an error.
|    Use char because int might match the return type of a GCC
|    builtin and then its argument prototype would still apply.  */
| #ifdef __cplusplus
| extern "C"
| #endif
| char ATL_xerbla ();
| #ifdef F77_DUMMY_MAIN
| 
| #  ifdef __cplusplus
|      extern "C"
| #  endif
|    int F77_DUMMY_MAIN() { return 1; }
| 
| #endif
| int
| main ()
| {
| return ATL_xerbla ();
|   ;
|   return 0;
| }
configure:19353: result: no
configure:19461: checking for sgemm_ in -lblas
configure:19494: g++ -o conftest -g -O2   conftest.cpp -lblas    -L/usr/lib/gcc/x86_64-linux-gnu/7 -L/usr/lib/gcc/x86_64-linux-gnu/7/../../../x86_64-linux-gnu -L/usr/lib/gcc/x86_64-linux-gnu/7/../../../../lib -L/lib/x86_64-linux-gnu -L/lib/../lib -L/usr/lib/x86_64-linux-gnu -L/usr/lib/../lib -L/usr/lib/gcc/x86_64-linux-gnu/7/../../.. -lgfortran -lm -lquadmath >&5
/usr/bin/ld: cannot find -lblas
collect2: error: ld returned 1 exit status
configure:19494: $? = 1
configure: failed program was:
| /* confdefs.h */
| #define PACKAGE_NAME "adept"
| #define PACKAGE_TARNAME "adept"
| #define PACKAGE_VERSION "2.0.5"
| #define PACKAGE_STRING "adept 2.0.5"
| #define PACKAGE_BUGREPORT "r.j.hogan@ecmwf.int"
| #define PACKAGE_URL "http://www.met.reading.ac.uk/clouds/adept/"
| #define PACKAGE "adept"
| #define VERSION "2.0.5"
| #define STDC_HEADERS 1
| #define HAVE_SYS_TYPES_H 1
| #define HAVE_SYS_STAT_H 1
| #define HAVE_STDLIB_H 1
| #define HAVE_STRING_H 1
| #define HAVE_MEMORY_H 1
| #define HAVE_STRINGS_H 1
| #define HAVE_INTTYPES_H 1
| #define HAVE_STDINT_H 1
| #define HAVE_UNISTD_H 1
| #define HAVE_DLFCN_H 1
| #define LT_OBJDIR ".libs/"
| #define HAVE_SYS_TIME_H 1
| #define HAVE_GETTIMEOFDAY 1
| #define HAVE_POW 1
| #define HAVE_SQRT 1
| /* end confdefs.h.  */
| 
| /* Override any GCC internal prototype to avoid an error.
|    Use char because int might match the return type of a GCC
|    builtin and then its argument prototype would still apply.  */
| #ifdef __cplusplus
| extern "C"
| #endif
| char sgemm_ ();
| #ifdef F77_DUMMY_MAIN
| 
| #  ifdef __cplusplus
|      extern "C"
| #  endif
|    int F77_DUMMY_MAIN() { return 1; }
| 
| #endif
| int
| main ()
| {
| return sgemm_ ();
|   ;
|   return 0;
| }
configure:19504: result: no
configure:19724: checking for sgemm_ in -lmkl_intel_lp64
configure:19757: g++ -o conftest -g -O2   conftest.cpp -lmkl_intel_lp64 -lmkl_intel_lp64 -lmkl_sequential -lmkl_core -lpthread   -L/usr/lib/gcc/x86_64-linux-gnu/7 -L/usr/lib/gcc/x86_64-linux-gnu/7/../../../x86_64-linux-gnu -L/usr/lib/gcc/x86_64-linux-gnu/7/../../../../lib -L/lib/x86_64-linux-gnu -L/lib/../lib -L/usr/lib/x86_64-linux-gnu -L/usr/lib/../lib -L/usr/lib/gcc/x86_64-linux-gnu/7/../../.. -lgfortran -lm -lquadmath >&5
/usr/bin/ld: cannot find -lmkl_intel_lp64
/usr/bin/ld: cannot find -lmkl_intel_lp64
/usr/bin/ld: cannot find -lmkl_sequential
/usr/bin/ld: cannot find -lmkl_core
collect2: error: ld returned 1 exit status
configure:19757: $? = 1
configure: failed program was:
| /* confdefs.h */
| #define PACKAGE_NAME "adept"
| #define PACKAGE_TARNAME "adept"
| #define PACKAGE_VERSION "2.0.5"
| #define PACKAGE_STRING "adept 2.0.5"
| #define PACKAGE_BUGREPORT "r.j.hogan@ecmwf.int"
| #define PACKAGE_URL "http://www.met.reading.ac.uk/clouds/adept/"
| #define PACKAGE "adept"
| #define VERSION "2.0.5"
| #define STDC_HEADERS 1
| #define HAVE_SYS_TYPES_H 1
| #define HAVE_SYS_STAT_H 1
| #define HAVE_STDLIB_H 1
| #define HAVE_STRING_H 1
| #define HAVE_MEMORY_H 1
| #define HAVE_STRINGS_H 1
| #define HAVE_INTTYPES_H 1
| #define HAVE_STDINT_H 1
| #define HAVE_UNISTD_H 1
| #define HAVE_DLFCN_H 1
| #define LT_OBJDIR ".libs/"
| #define HAVE_SYS_TIME_H 1
| #define HAVE_GETTIMEOFDAY 1
| #define HAVE_POW 1
| #define HAVE_SQRT 1
| /* end confdefs.h.  */
| 
| /* Override any GCC internal prototype to avoid an error.
|    Use char because int might match the return type of a GCC
|    builtin and then its argument prototype would still apply.  */
| #ifdef __cplusplus
| extern "C"
| #endif
| char sgemm_ ();
| #ifdef F77_DUMMY_MAIN
| 
| #  ifdef __cplusplus
|      extern "C"
| #  endif
|    int F77_DUMMY_MAIN() { return 1; }
| 
| #endif
| int
| main ()
| {
| return sgemm_ ();
|   ;
|   return 0;
| }
configure:19767: result: no
configure:19831: checking for sgemm_ in -lmkl
configure:19864: g++ -o conftest -g -O2   conftest.cpp -lmkl -lguide -lpthread   -L/usr/lib/gcc/x86_64-linux-gnu/7 -L/usr/lib/gcc/x86_64-linux-gnu/7/../../../x86_64-linux-gnu -L/usr/lib/gcc/x86_64-linux-gnu/7/../../../../lib -L/lib/x86_64-linux-gnu -L/lib/../lib -L/usr/lib/x86_64-linux-gnu -L/usr/lib/../lib -L/usr/lib/gcc/x86_64-linux-gnu/7/../../.. -lgfortran -lm -lquadmath >&5
/usr/bin/ld: cannot find -lmkl
/usr/bin/ld: cannot find -lguide
collect2: error: ld returned 1 exit status
configure:19864: $? = 1
configure: failed program was:
| /* confdefs.h */
| #define PACKAGE_NAME "adept"
| #define PACKAGE_TARNAME "adept"
| #define PACKAGE_VERSION "2.0.5"
| #define PACKAGE_STRING "adept 2.0.5"
| #define PACKAGE_BUGREPORT "r.j.hogan@ecmwf.int"
| #define PACKAGE_URL "http://www.met.reading.ac.uk/clouds/adept/"
| #define PACKAGE "adept"
| #define VERSION "2.0.5"
| #define STDC_HEADERS 1
| #define HAVE_SYS_TYPES_H 1
| #define HAVE_SYS_STAT_H 1
| #define HAVE_STDLIB_H 1
| #define HAVE_STRING_H 1
| #define HAVE_MEMORY_H 1
| #define HAVE_STRINGS_H 1
| #define HAVE_INTTYPES_H 1
| #define HAVE_STDINT_H 1
| #define HAVE_UNISTD_H 1
| #define HAVE_DLFCN_H 1
| #define LT_OBJDIR ".libs/"
| #define HAVE_SYS_TIME_H 1
| #define HAVE_GETTIMEOFDAY 1
| #define HAVE_POW 1
| #define HAVE_SQRT 1
| /* end confdefs.h.  */
| 
| /* Override any GCC internal prototype to avoid an error.
|    Use char because int might match the return type of a GCC
|    builtin and then its argument prototype would still apply.  */
| #ifdef __cplusplus
| extern "C"
| #endif
| char sgemm_ ();
| #ifdef F77_DUMMY_MAIN
| 
| #  ifdef __cplusplus
|      extern "C"
| #  endif
|    int F77_DUMMY_MAIN() { return 1; }
| 
| #endif
| int
| main ()
| {
| return sgemm_ ();
|   ;
|   return 0;
| }
configure:19874: result: no
configure:19885: checking for sgemm_ in -framework vecLib
configure:19913: g++ -o conftest -g -O2   conftest.cpp -framework vecLib   -L/usr/lib/gcc/x86_64-linux-gnu/7 -L/usr/lib/gcc/x86_64-linux-gnu/7/../../../x86_64-linux-gnu -L/usr/lib/gcc/x86_64-linux-gnu/7/../../../../lib -L/lib/x86_64-linux-gnu -L/lib/../lib -L/usr/lib/x86_64-linux-gnu -L/usr/lib/../lib -L/usr/lib/gcc/x86_64-linux-gnu/7/../../.. -lgfortran -lm -lquadmath >&5
g++: error: vecLib: No such file or directory
g++: error: unrecognized command line option '-framework'
configure:19913: $? = 1
configure: failed program was:
| /* confdefs.h */
| #define PACKAGE_NAME "adept"
| #define PACKAGE_TARNAME "adept"
| #define PACKAGE_VERSION "2.0.5"
| #define PACKAGE_STRING "adept 2.0.5"
| #define PACKAGE_BUGREPORT "r.j.hogan@ecmwf.int"
| #define PACKAGE_URL "http://www.met.reading.ac.uk/clouds/adept/"
| #define PACKAGE "adept"
| #define VERSION "2.0.5"
| #define STDC_HEADERS 1
| #define HAVE_SYS_TYPES_H 1
| #define HAVE_SYS_STAT_H 1
| #define HAVE_STDLIB_H 1
| #define HAVE_STRING_H 1
| #define HAVE_MEMORY_H 1
| #define HAVE_STRINGS_H 1
| #define HAVE_INTTYPES_H 1
| #define HAVE_STDINT_H 1
| #define HAVE_UNISTD_H 1
| #define HAVE_DLFCN_H 1
| #define LT_OBJDIR ".libs/"
| #define HAVE_SYS_TIME_H 1
| #define HAVE_GETTIMEOFDAY 1
| #define HAVE_POW 1
| #define HAVE_SQRT 1
| /* end confdefs.h.  */
| 
| /* Override any GCC internal prototype to avoid an error.
|    Use char because int might match the return type of a GCC
|    builtin and then its argument prototype would still apply.  */
| #ifdef __cplusplus
| extern "C"
| #endif
| char sgemm_ ();
| #ifdef F77_DUMMY_MAIN
| 
| #  ifdef __cplusplus
|      extern "C"
| #  endif
|    int F77_DUMMY_MAIN() { return 1; }
| 
| #endif
| int
| main ()
| {
| return sgemm_ ();
|   ;
|   return 0;
| }
configure:19918: result: no
configure:19926: checking for sgemm_ in -lcxml
configure:19959: g++ -o conftest -g -O2   conftest.cpp -lcxml    -L/usr/lib/gcc/x86_64-linux-gnu/7 -L/usr/lib/gcc/x86_64-linux-gnu/7/../../../x86_64-linux-gnu -L/usr/lib/gcc/x86_64-linux-gnu/7/../../../../lib -L/lib/x86_64-linux-gnu -L/lib/../lib -L/usr/lib/x86_64-linux-gnu -L/usr/lib/../lib -L/usr/lib/gcc/x86_64-linux-gnu/7/../../.. -lgfortran -lm -lquadmath >&5
/usr/bin/ld: cannot find -lcxml
collect2: error: ld returned 1 exit status
configure:19959: $? = 1
configure: failed program was:
| /* confdefs.h */
| #define PACKAGE_NAME "adept"
| #define PACKAGE_TARNAME "adept"
| #define PACKAGE_VERSION "2.0.5"
| #define PACKAGE_STRING "adept 2.0.5"
| #define PACKAGE_BUGREPORT "r.j.hogan@ecmwf.int"
| #define PACKAGE_URL "http://www.met.reading.ac.uk/clouds/adept/"
| #define PACKAGE "adept"
| #define VERSION "2.0.5"
| #define STDC_HEADERS 1
| #define HAVE_SYS_TYPES_H 1
| #define HAVE_SYS_STAT_H 1
| #define HAVE_STDLIB_H 1
| #define HAVE_STRING_H 1
| #define HAVE_MEMORY_H 1
| #define HAVE_STRINGS_H 1
| #define HAVE_INTTYPES_H 1
| #define HAVE_STDINT_H 1
| #define HAVE_UNISTD_H 1
| #define HAVE_DLFCN_H 1
| #define LT_OBJDIR ".libs/"
| #define HAVE_SYS_TIME_H 1
| #define HAVE_GETTIMEOFDAY 1
| #define HAVE_POW 1
| #define HAVE_SQRT 1
| /* end confdefs.h.  */
| 
| /* Override any GCC internal prototype to avoid an error.
|    Use char because int might match the return type of a GCC
|    builtin and then its argument prototype would still apply.  */
| #ifdef __cplusplus
| extern "C"
| #endif
| char sgemm_ ();
| #ifdef F77_DUMMY_MAIN
| 
| #  ifdef __cplusplus
|      extern "C"
| #  endif
|    int F77_DUMMY_MAIN() { return 1; }
| 
| #endif
| int
| main ()
| {
| return sgemm_ ();
|   ;
|   return 0;
| }
configure:19969: result: no
configure:19980: checking for sgemm_ in -ldxml
configure:20013: g++ -o conftest -g -O2   conftest.cpp -ldxml    -L/usr/lib/gcc/x86_64-linux-gnu/7 -L/usr/lib/gcc/x86_64-linux-gnu/7/../../../x86_64-linux-gnu -L/usr/lib/gcc/x86_64-linux-gnu/7/../../../../lib -L/lib/x86_64-linux-gnu -L/lib/../lib -L/usr/lib/x86_64-linux-gnu -L/usr/lib/../lib -L/usr/lib/gcc/x86_64-linux-gnu/7/../../.. -lgfortran -lm -lquadmath >&5
/usr/bin/ld: cannot find -ldxml
collect2: error: ld returned 1 exit status
configure:20013: $? = 1
configure: failed program was:
| /* confdefs.h */
| #define PACKAGE_NAME "adept"
| #define PACKAGE_TARNAME "adept"
| #define PACKAGE_VERSION "2.0.5"
| #define PACKAGE_STRING "adept 2.0.5"
| #define PACKAGE_BUGREPORT "r.j.hogan@ecmwf.int"
| #define PACKAGE_URL "http://www.met.reading.ac.uk/clouds/adept/"
| #define PACKAGE "adept"
| #define VERSION "2.0.5"
| #define STDC_HEADERS 1
| #define HAVE_SYS_TYPES_H 1
| #define HAVE_SYS_STAT_H 1
| #define HAVE_STDLIB_H 1
| #define HAVE_STRING_H 1
| #define HAVE_MEMORY_H 1
| #define HAVE_STRINGS_H 1
| #define HAVE_INTTYPES_H 1
| #define HAVE_STDINT_H 1
| #define HAVE_UNISTD_H 1
| #define HAVE_DLFCN_H 1
| #define LT_OBJDIR ".libs/"
| #define HAVE_SYS_TIME_H 1
| #define HAVE_GETTIMEOFDAY 1
| #define HAVE_POW 1
| #define HAVE_SQRT 1
| /* end confdefs.h.  */
| 
| /* Override any GCC internal prototype to avoid an error.
|    Use char because int might match the return type of a GCC
|    builtin and then its argument prototype would still apply.  */
| #ifdef __cplusplus
| extern "C"
| #endif
| char sgemm_ ();
| #ifdef F77_DUMMY_MAIN
| 
| #  ifdef __cplusplus
|      extern "C"
| #  endif
|    int F77_DUMMY_MAIN() { return 1; }
| 
| #endif
| int
| main ()
| {
| return sgemm_ ();
|   ;
|   return 0;
| }
configure:20023: result: no
configure:20138: checking for sgemm_ in -lscs
configure:20171: g++ -o conftest -g -O2   conftest.cpp -lscs    -L/usr/lib/gcc/x86_64-linux-gnu/7 -L/usr/lib/gcc/x86_64-linux-gnu/7/../../../x86_64-linux-gnu -L/usr/lib/gcc/x86_64-linux-gnu/7/../../../../lib -L/lib/x86_64-linux-gnu -L/lib/../lib -L/usr/lib/x86_64-linux-gnu -L/usr/lib/../lib -L/usr/lib/gcc/x86_64-linux-gnu/7/../../.. -lgfortran -lm -lquadmath >&5
/usr/bin/ld: cannot find -lscs
collect2: error: ld returned 1 exit status
configure:20171: $? = 1
configure: failed program was:
| /* confdefs.h */
| #define PACKAGE_NAME "adept"
| #define PACKAGE_TARNAME "adept"
| #define PACKAGE_VERSION "2.0.5"
| #define PACKAGE_STRING "adept 2.0.5"
| #define PACKAGE_BUGREPORT "r.j.hogan@ecmwf.int"
| #define PACKAGE_URL "http://www.met.reading.ac.uk/clouds/adept/"
| #define PACKAGE "adept"
| #define VERSION "2.0.5"
| #define STDC_HEADERS 1
| #define HAVE_SYS_TYPES_H 1
| #define HAVE_SYS_STAT_H 1
| #define HAVE_STDLIB_H 1
| #define HAVE_STRING_H 1
| #define HAVE_MEMORY_H 1
| #define HAVE_STRINGS_H 1
| #define HAVE_INTTYPES_H 1
| #define HAVE_STDINT_H 1
| #define HAVE_UNISTD_H 1
| #define HAVE_DLFCN_H 1
| #define LT_OBJDIR ".libs/"
| #define HAVE_SYS_TIME_H 1
| #define HAVE_GETTIMEOFDAY 1
| #define HAVE_POW 1
| #define HAVE_SQRT 1
| /* end confdefs.h.  */
| 
| /* Override any GCC internal prototype to avoid an error.
|    Use char because int might match the return type of a GCC
|    builtin and then its argument prototype would still apply.  */
| #ifdef __cplusplus
| extern "C"
| #endif
| char sgemm_ ();
| #ifdef F77_DUMMY_MAIN
| 
| #  ifdef __cplusplus
|      extern "C"
| #  endif
|    int F77_DUMMY_MAIN() { return 1; }
| 
| #endif
| int
| main ()
| {
| return sgemm_ ();
|   ;
|   return 0;
| }
configure:20181: result: no
configure:20192: checking for sgemm_ in -lcomplib.sgimath
configure:20225: g++ -o conftest -g -O2   conftest.cpp -lcomplib.sgimath    -L/usr/lib/gcc/x86_64-linux-gnu/7 -L/usr/lib/gcc/x86_64-linux-gnu/7/../../../x86_64-linux-gnu -L/usr/lib/gcc/x86_64-linux-gnu/7/../../../../lib -L/lib/x86_64-linux-gnu -L/lib/../lib -L/usr/lib/x86_64-linux-gnu -L/usr/lib/../lib -L/usr/lib/gcc/x86_64-linux-gnu/7/../../.. -lgfortran -lm -lquadmath >&5
/usr/bin/ld: cannot find -lcomplib.sgimath
collect2: error: ld returned 1 exit status
configure:20225: $? = 1
configure: failed program was:
| /* confdefs.h */
| #define PACKAGE_NAME "adept"
| #define PACKAGE_TARNAME "adept"
| #define PACKAGE_VERSION "2.0.5"
| #define PACKAGE_STRING "adept 2.0.5"
| #define PACKAGE_BUGREPORT "r.j.hogan@ecmwf.int"
| #define PACKAGE_URL "http://www.met.reading.ac.uk/clouds/adept/"
| #define PACKAGE "adept"
| #define VERSION "2.0.5"
| #define STDC_HEADERS 1
| #define HAVE_SYS_TYPES_H 1
| #define HAVE_SYS_STAT_H 1
| #define HAVE_STDLIB_H 1
| #define HAVE_STRING_H 1
| #define HAVE_MEMORY_H 1
| #define HAVE_STRINGS_H 1
| #define HAVE_INTTYPES_H 1
| #define HAVE_STDINT_H 1
| #define HAVE_UNISTD_H 1
| #define HAVE_DLFCN_H 1
| #define LT_OBJDIR ".libs/"
| #define HAVE_SYS_TIME_H 1
| #define HAVE_GETTIMEOFDAY 1
| #define HAVE_POW 1
| #define HAVE_SQRT 1
| /* end confdefs.h.  */
| 
| /* Override any GCC internal prototype to avoid an error.
|    Use char because int might match the return type of a GCC
|    builtin and then its argument prototype would still apply.  */
| #ifdef __cplusplus
| extern "C"
| #endif
| char sgemm_ ();
| #ifdef F77_DUMMY_MAIN
| 
| #  ifdef __cplusplus
|      extern "C"
| #  endif
|    int F77_DUMMY_MAIN() { return 1; }
| 
| #endif
| int
| main ()
| {
| return sgemm_ ();
|   ;
|   return 0;
| }
configure:20235: result: no
configure:20246: checking for sgemm_ in -lblas
configure:20289: result: no
configure:20349: checking for sgemm_ in -lblas
configure:20392: result: no
configure:20644: checking for gsl_multimin_fdfminimizer_alloc in -lgsl
configure:20677: g++ -o conftest -g -O2   conftest.cpp -lgsl     >&5
/usr/bin/ld: cannot find -lgsl
collect2: error: ld returned 1 exit status
configure:20677: $? = 1
configure: failed program was:
| /* confdefs.h */
| #define PACKAGE_NAME "adept"
| #define PACKAGE_TARNAME "adept"
| #define PACKAGE_VERSION "2.0.5"
| #define PACKAGE_STRING "adept 2.0.5"
| #define PACKAGE_BUGREPORT "r.j.hogan@ecmwf.int"
| #define PACKAGE_URL "http://www.met.reading.ac.uk/clouds/adept/"
| #define PACKAGE "adept"
| #define VERSION "2.0.5"
| #define STDC_HEADERS 1
| #define HAVE_SYS_TYPES_H 1
| #define HAVE_SYS_STAT_H 1
| #define HAVE_STDLIB_H 1
| #define HAVE_STRING_H 1
| #define HAVE_MEMORY_H 1
| #define HAVE_STRINGS_H 1
| #define HAVE_INTTYPES_H 1
| #define HAVE_STDINT_H 1
| #define HAVE_UNISTD_H 1
| #define HAVE_DLFCN_H 1
| #define LT_OBJDIR ".libs/"
| #define HAVE_SYS_TIME_H 1
| #define HAVE_GETTIMEOFDAY 1
| #define HAVE_POW 1
| #define HAVE_SQRT 1
| /* end confdefs.h.  */
| 
| /* Override any GCC internal prototype to avoid an error.
|    Use char because int might match the return type of a GCC
|    builtin and then its argument prototype would still apply.  */
| #ifdef __cplusplus
| extern "C"
| #endif
| char gsl_multimin_fdfminimizer_alloc ();
| #ifdef F77_DUMMY_MAIN
| 
| #  ifdef __cplusplus
|      extern "C"
| #  endif
|    int F77_DUMMY_MAIN() { return 1; }
| 
| #endif
| int
| main ()
| {
| return gsl_multimin_fdfminimizer_alloc ();
|   ;
|   return 0;
| }
configure:20686: result: no
configure:20699: checking adolc/adolc.h usability
configure:20699: g++ -c -g -O2  conftest.cpp >&5
conftest.cpp:60:10: fatal error: adolc/adolc.h: No such file or directory
 #include <adolc/adolc.h>
          ^~~~~~~~~~~~~~~
compilation terminated.
configure:20699: $? = 1
configure: failed program was:
| /* confdefs.h */
| #define PACKAGE_NAME "adept"
| #define PACKAGE_TARNAME "adept"
| #define PACKAGE_VERSION "2.0.5"
| #define PACKAGE_STRING "adept 2.0.5"
| #define PACKAGE_BUGREPORT "r.j.hogan@ecmwf.int"
| #define PACKAGE_URL "http://www.met.reading.ac.uk/clouds/adept/"
| #define PACKAGE "adept"
| #define VERSION "2.0.5"
| #define STDC_HEADERS 1
| #define HAVE_SYS_TYPES_H 1
| #define HAVE_SYS_STAT_H 1
| #define HAVE_STDLIB_H 1
| #define HAVE_STRING_H 1
| #define HAVE_MEMORY_H 1
| #define HAVE_STRINGS_H 1
| #define HAVE_INTTYPES_H 1
| #define HAVE_STDINT_H 1
| #define HAVE_UNISTD_H 1
| #define HAVE_DLFCN_H 1
| #define LT_OBJDIR ".libs/"
| #define HAVE_SYS_TIME_H 1
| #define HAVE_GETTIMEOFDAY 1
| #define HAVE_POW 1
| #define HAVE_SQRT 1
| /* end confdefs.h.  */
| #include <stdio.h>
| #ifdef HAVE_SYS_TYPES_H
| # include <sys/types.h>
| #endif
| #ifdef HAVE_SYS_STAT_H
| # include <sys/stat.h>
| #endif
| #ifdef STDC_HEADERS
| # include <stdlib.h>
| # include <stddef.h>
| #else
| # ifdef HAVE_STDLIB_H
| #  include <stdlib.h>
| # endif
| #endif
| #ifdef HAVE_STRING_H
| # if !defined STDC_HEADERS && defined HAVE_MEMORY_H
| #  include <memory.h>
| # endif
| # include <string.h>
| #endif
| #ifdef HAVE_STRINGS_H
| # include <strings.h>
| #endif
| #ifdef HAVE_INTTYPES_H
| # include <inttypes.h>
| #endif
| #ifdef HAVE_STDINT_H
| # include <stdint.h>
| #endif
| #ifdef HAVE_UNISTD_H
| # include <unistd.h>
| #endif
| #include <adolc/adolc.h>
configure:20699: result: no
configure:20699: checking adolc/adolc.h presence
configure:20699: g++ -E  conftest.cpp
conftest.cpp:27:10: fatal error: adolc/adolc.h: No such file or directory
 #include <adolc/adolc.h>
          ^~~~~~~~~~~~~~~
compilation terminated.
configure:20699: $? = 1
configure: failed program was:
| /* confdefs.h */
| #define PACKAGE_NAME "adept"
| #define PACKAGE_TARNAME "adept"
| #define PACKAGE_VERSION "2.0.5"
| #define PACKAGE_STRING "adept 2.0.5"
| #define PACKAGE_BUGREPORT "r.j.hogan@ecmwf.int"
| #define PACKAGE_URL "http://www.met.reading.ac.uk/clouds/adept/"
| #define PACKAGE "adept"
| #define VERSION "2.0.5"
| #define STDC_HEADERS 1
| #define HAVE_SYS_TYPES_H 1
| #define HAVE_SYS_STAT_H 1
| #define HAVE_STDLIB_H 1
| #define HAVE_STRING_H 1
| #define HAVE_MEMORY_H 1
| #define HAVE_STRINGS_H 1
| #define HAVE_INTTYPES_H 1
| #define HAVE_STDINT_H 1
| #define HAVE_UNISTD_H 1
| #define HAVE_DLFCN_H 1
| #define LT_OBJDIR ".libs/"
| #define HAVE_SYS_TIME_H 1
| #define HAVE_GETTIMEOFDAY 1
| #define HAVE_POW 1
| #define HAVE_SQRT 1
| /* end confdefs.h.  */
| #include <adolc/adolc.h>
configure:20699: result: no
configure:20699: checking for adolc/adolc.h
configure:20699: result: no
configure:20709: checking for tapestats in -ladolc
configure:20742: g++ -o conftest -g -O2   conftest.cpp -ladolc     >&5
/usr/bin/ld: cannot find -ladolc
collect2: error: ld returned 1 exit status
configure:20742: $? = 1
configure: failed program was:
| /* confdefs.h */
| #define PACKAGE_NAME "adept"
| #define PACKAGE_TARNAME "adept"
| #define PACKAGE_VERSION "2.0.5"
| #define PACKAGE_STRING "adept 2.0.5"
| #define PACKAGE_BUGREPORT "r.j.hogan@ecmwf.int"
| #define PACKAGE_URL "http://www.met.reading.ac.uk/clouds/adept/"
| #define PACKAGE "adept"
| #define VERSION "2.0.5"
| #define STDC_HEADERS 1
| #define HAVE_SYS_TYPES_H 1
| #define HAVE_SYS_STAT_H 1
| #define HAVE_STDLIB_H 1
| #define HAVE_STRING_H 1
| #define HAVE_MEMORY_H 1
| #define HAVE_STRINGS_H 1
| #define HAVE_INTTYPES_H 1
| #define HAVE_STDINT_H 1
| #define HAVE_UNISTD_H 1
| #define HAVE_DLFCN_H 1
| #define LT_OBJDIR ".libs/"
| #define HAVE_SYS_TIME_H 1
| #define HAVE_GETTIMEOFDAY 1
| #define HAVE_POW 1
| #define HAVE_SQRT 1
| /* end confdefs.h.  */
| 
| /* Override any GCC internal prototype to avoid an error.
|    Use char because int might match the return type of a GCC
|    builtin and then its argument prototype would still apply.  */
| #ifdef __cplusplus
| extern "C"
| #endif
| char tapestats ();
| #ifdef F77_DUMMY_MAIN
| 
| #  ifdef __cplusplus
|      extern "C"
| #  endif
|    int F77_DUMMY_MAIN() { return 1; }
| 
| #endif
| int
| main ()
| {
| return tapestats ();
|   ;
|   return 0;
| }
configure:20751: result: no
configure:20767: checking whether Sacado is installed
configure:20788: g++ -o conftest -g -O2   conftest.cpp    -lsacado -lteuchos >&5
conftest.cpp:27:10: fatal error: Sacado.hpp: No such file or directory
 #include <Sacado.hpp>
          ^~~~~~~~~~~~
compilation terminated.
configure:20788: $? = 1
configure: failed program was:
| /* confdefs.h */
| #define PACKAGE_NAME "adept"
| #define PACKAGE_TARNAME "adept"
| #define PACKAGE_VERSION "2.0.5"
| #define PACKAGE_STRING "adept 2.0.5"
| #define PACKAGE_BUGREPORT "r.j.hogan@ecmwf.int"
| #define PACKAGE_URL "http://www.met.reading.ac.uk/clouds/adept/"
| #define PACKAGE "adept"
| #define VERSION "2.0.5"
| #define STDC_HEADERS 1
| #define HAVE_SYS_TYPES_H 1
| #define HAVE_SYS_STAT_H 1
| #define HAVE_STDLIB_H 1
| #define HAVE_STRING_H 1
| #define HAVE_MEMORY_H 1
| #define HAVE_STRINGS_H 1
| #define HAVE_INTTYPES_H 1
| #define HAVE_STDINT_H 1
| #define HAVE_UNISTD_H 1
| #define HAVE_DLFCN_H 1
| #define LT_OBJDIR ".libs/"
| #define HAVE_SYS_TIME_H 1
| #define HAVE_GETTIMEOFDAY 1
| #define HAVE_POW 1
| #define HAVE_SQRT 1
| /* end confdefs.h.  */
| #include <Sacado.hpp>
| #ifdef F77_DUMMY_MAIN
| 
| #  ifdef __cplusplus
|      extern "C"
| #  endif
|    int F77_DUMMY_MAIN() { return 1; }
| 
| #endif
| int
| main ()
| {
| Sacado::ELRFad::DFad<double> v = 1.0
|   ;
|   return 0;
| }
configure:20797: result: no
configure:20806: checking cppad/cppad.hpp usability
configure:20806: g++ -c -g -O2  conftest.cpp >&5
conftest.cpp:60:10: fatal error: cppad/cppad.hpp: No such file or directory
 #include <cppad/cppad.hpp>
          ^~~~~~~~~~~~~~~~~
compilation terminated.
configure:20806: $? = 1
configure: failed program was:
| /* confdefs.h */
| #define PACKAGE_NAME "adept"
| #define PACKAGE_TARNAME "adept"
| #define PACKAGE_VERSION "2.0.5"
| #define PACKAGE_STRING "adept 2.0.5"
| #define PACKAGE_BUGREPORT "r.j.hogan@ecmwf.int"
| #define PACKAGE_URL "http://www.met.reading.ac.uk/clouds/adept/"
| #define PACKAGE "adept"
| #define VERSION "2.0.5"
| #define STDC_HEADERS 1
| #define HAVE_SYS_TYPES_H 1
| #define HAVE_SYS_STAT_H 1
| #define HAVE_STDLIB_H 1
| #define HAVE_STRING_H 1
| #define HAVE_MEMORY_H 1
| #define HAVE_STRINGS_H 1
| #define HAVE_INTTYPES_H 1
| #define HAVE_STDINT_H 1
| #define HAVE_UNISTD_H 1
| #define HAVE_DLFCN_H 1
| #define LT_OBJDIR ".libs/"
| #define HAVE_SYS_TIME_H 1
| #define HAVE_GETTIMEOFDAY 1
| #define HAVE_POW 1
| #define HAVE_SQRT 1
| /* end confdefs.h.  */
| #include <stdio.h>
| #ifdef HAVE_SYS_TYPES_H
| # include <sys/types.h>
| #endif
| #ifdef HAVE_SYS_STAT_H
| # include <sys/stat.h>
| #endif
| #ifdef STDC_HEADERS
| # include <stdlib.h>
| # include <stddef.h>
| #else
| # ifdef HAVE_STDLIB_H
| #  include <stdlib.h>
| # endif
| #endif
| #ifdef HAVE_STRING_H
| # if !defined STDC_HEADERS && defined HAVE_MEMORY_H
| #  include <memory.h>
| # endif
| # include <string.h>
| #endif
| #ifdef HAVE_STRINGS_H
| # include <strings.h>
| #endif
| #ifdef HAVE_INTTYPES_H
| # include <inttypes.h>
| #endif
| #ifdef HAVE_STDINT_H
| # include <stdint.h>
| #endif
| #ifdef HAVE_UNISTD_H
| # include <unistd.h>
| #endif
| #include <cppad/cppad.hpp>
configure:20806: result: no
configure:20806: checking cppad/cppad.hpp presence
configure:20806: g++ -E  conftest.cpp
conftest.cpp:27:10: fatal error: cppad/cppad.hpp: No such file or directory
 #include <cppad/cppad.hpp>
          ^~~~~~~~~~~~~~~~~
compilation terminated.
configure:20806: $? = 1
configure: failed program was:
| /* confdefs.h */
| #define PACKAGE_NAME "adept"
| #define PACKAGE_TARNAME "adept"
| #define PACKAGE_VERSION "2.0.5"
| #define PACKAGE_STRING "adept 2.0.5"
| #define PACKAGE_BUGREPORT "r.j.hogan@ecmwf.int"
| #define PACKAGE_URL "http://www.met.reading.ac.uk/clouds/adept/"
| #define PACKAGE "adept"
| #define VERSION "2.0.5"
| #define STDC_HEADERS 1
| #define HAVE_SYS_TYPES_H 1
| #define HAVE_SYS_STAT_H 1
| #define HAVE_STDLIB_H 1
| #define HAVE_STRING_H 1
| #define HAVE_MEMORY_H 1
| #define HAVE_STRINGS_H 1
| #define HAVE_INTTYPES_H 1
| #define HAVE_STDINT_H 1
| #define HAVE_UNISTD_H 1
| #define HAVE_DLFCN_H 1
| #define LT_OBJDIR ".libs/"
| #define HAVE_SYS_TIME_H 1
| #define HAVE_GETTIMEOFDAY 1
| #define HAVE_POW 1
| #define HAVE_SQRT 1
| /* end confdefs.h.  */
| #include <cppad/cppad.hpp>
configure:20806: result: no
configure:20806: checking for cppad/cppad.hpp
configure:20806: result: no
configure:20957: checking that generated files are newer than configure
configure:20963: result: done
configure:20990: creating ./config.status

## ---------------------- ##
## Running config.status. ##
## ---------------------- ##

This file was extended by adept config.status 2.0.5, which was
generated by GNU Autoconf 2.69.  Invocation command line was

  CONFIG_FILES    = 
  CONFIG_HEADERS  = 
  CONFIG_LINKS    = 
  CONFIG_COMMANDS = 
  $ ./config.status 

on mark-UX301LAA

config.status:1220: creating Makefile
config.status:1220: creating makefile_include
config.status:1220: creating adept/Makefile
config.status:1220: creating include/Makefile
config.status:1220: creating benchmark/Makefile
config.status:1220: creating config.h
config.status:1220: creating config_platform_independent.h
config.status:1449: executing depfiles commands
config.status:1449: executing libtool commands
configure:23728: ********************* Summary **************************************
configure:23730:   CXX = g++ 
configure:23732:   CPPFLAGS = 
configure:23734:   CXXFLAGS = -g -O2 -fopenmp
configure:23736:   LDFLAGS =  
configure:23738:   LIBS =   
configure:23740: Typing "make; make install" will install Adept header files in ${prefix}/include
configure:23742: and the static and shared libraries as ${exec_prefix}/lib/libadept.*, where
configure:23744: prefix=/usr/local
configure:23746: ********************* Libraries used by Adept **********************
configure:23759: BLAS (Basic Linear Algebra Subprograms) will not be used: MATRIX MULTIPLICATION IS UNAVAILABLE
configure:23768: LAPACK (Linear Algebra Package) will not be used: LINEAR ALGEBRA ROUTINES ARE UNAVAILABLE
configure:23773: ********************* Libraries used by test programs **************
configure:23778: GNU Scientific Library (GSL) not found; Adept will compile all the
configure:23780: example programs except test/test_gsl_interface.
configure:23790: ********************* Benchmark program ****************************
configure:23792: The benchmarking program, "benchmark/advection_benchmark", will be
configure:23794: compiled with support for these automatic differentiation libraries:
configure:23796:    Adept: yes
configure:23804:    ADOLC: no
configure:23814:    CppAD: no
configure:23821:    Sacado: no
configure:23829: ********************* Top tips *************************************
configure:23831: To use a higher than default optimization level, call this configure
configure:23833: script with something like: ./configure "CXXFLAGS=-g -O3"
configure:23835: If you have libraries in non-standard locations, specify their location
configure:23837: by calling this script with something like:
configure:23839:   ./configure CPPFLAGS=-I/local/include LDFLAGS="-L/local/lib -Wl,-rpath,/local/lib"
configure:23841: The rpath argument is especially useful for locating the BLAS and LAPACK
configure:23843: libraries if they are in non-standard locations, so that executables
configure:23845: built with Adept do not need to use the LD_LIBRARY_PATH environment
configure:23847: variable to specify their locations at run-time.
configure:23849: ********************************************************************

## ---------------- ##
## Cache variables. ##
## ---------------- ##

ac_cv_build=x86_64-unknown-linux-gnu
ac_cv_c_compiler_gnu=yes
ac_cv_cxx_compiler_gnu=yes
ac_cv_env_CCC_set=
ac_cv_env_CCC_value=
ac_cv_env_CC_set=
ac_cv_env_CC_value=
ac_cv_env_CFLAGS_set=
ac_cv_env_CFLAGS_value=
ac_cv_env_CPPFLAGS_set=
ac_cv_env_CPPFLAGS_value=
ac_cv_env_CPP_set=
ac_cv_env_CPP_value=
ac_cv_env_CXXCPP_set=
ac_cv_env_CXXCPP_value=
ac_cv_env_CXXFLAGS_set=
ac_cv_env_CXXFLAGS_value=
ac_cv_env_CXX_set=
ac_cv_env_CXX_value=
ac_cv_env_F77_set=
ac_cv_env_F77_value=
ac_cv_env_FFLAGS_set=
ac_cv_env_FFLAGS_value=
ac_cv_env_LDFLAGS_set=
ac_cv_env_LDFLAGS_value=
ac_cv_env_LIBS_set=
ac_cv_env_LIBS_value=
ac_cv_env_build_alias_set=
ac_cv_env_build_alias_value=
ac_cv_env_host_alias_set=
ac_cv_env_host_alias_value=
ac_cv_env_target_alias_set=
ac_cv_env_target_alias_value=
ac_cv_f77_compiler_gnu=yes
ac_cv_f77_dummy_main=none
ac_cv_f77_libs=' -L/usr/lib/gcc/x86_64-linux-gnu/7 -L/usr/lib/gcc/x86_64-linux-gnu/7/../../../x86_64-linux-gnu -L/usr/lib/gcc/x86_64-linux-gnu/7/../../../../lib -L/lib/x86_64-linux-gnu -L/lib/../lib -L/usr/lib/x86_64-linux-gnu -L/usr/lib/../lib -L/usr/lib/gcc/x86_64-linux-gnu/7/../../.. -lgfortran -lm -lquadmath'
ac_cv_f77_mangling='lower case, underscore, no extra underscore'
ac_cv_fortran_dummy_main=none
ac_cv_func_gettimeofday=yes
ac_cv_func_pow=yes
ac_cv_func_sqrt=yes
ac_cv_header_adolc_adolc_h=no
ac_cv_header_cppad_cppad_hpp=no
ac_cv_header_dlfcn_h=yes
ac_cv_header_inttypes_h=yes
ac_cv_header_memory_h=yes
ac_cv_header_stdc=yes
ac_cv_header_stdint_h=yes
ac_cv_header_stdlib_h=yes
ac_cv_header_string_h=yes
ac_cv_header_strings_h=yes
ac_cv_header_sys_stat_h=yes
ac_cv_header_sys_time_h=yes
ac_cv_header_sys_types_h=yes
ac_cv_header_unistd_h=yes
ac_cv_host=x86_64-unknown-linux-gnu
ac_cv_lib_adolc_tapestats=no
ac_cv_lib_atlas_ATL_xerbla=no
ac_cv_lib_blas_sgemm_=no
ac_cv_lib_complib_sgimath_sgemm_=no
ac_cv_lib_cxml_sgemm_=no
ac_cv_lib_dxml_sgemm_=no
ac_cv_lib_gsl_gsl_multimin_fdfminimizer_alloc=no
ac_cv_lib_mkl_intel_lp64_sgemm_=no
ac_cv_lib_mkl_sgemm_=no
ac_cv_lib_openblas_sgemm_=no
ac_cv_lib_scs_sgemm_=no
ac_cv_objext=o
ac_cv_path_EGREP='/bin/grep -E'
ac_cv_path_FGREP='/bin/grep -F'
ac_cv_path_GREP=/bin/grep
ac_cv_path_SED=/bin/sed
ac_cv_path_install='/usr/bin/install -c'
ac_cv_path_mkdir=/bin/mkdir
ac_cv_prog_AWK=gawk
ac_cv_prog_CPP='gcc -E'
ac_cv_prog_CXXCPP='g++ -E'
ac_cv_prog_ac_ct_AR=ar
ac_cv_prog_ac_ct_CC=gcc
ac_cv_prog_ac_ct_CXX=g++
ac_cv_prog_ac_ct_F77=f77
ac_cv_prog_ac_ct_MANIFEST_TOOL=mt
ac_cv_prog_ac_ct_OBJDUMP=objdump
ac_cv_prog_ac_ct_RANLIB=ranlib
ac_cv_prog_ac_ct_STRIP=strip
ac_cv_prog_cc_c89=
ac_cv_prog_cc_g=yes
ac_cv_prog_cxx_g=yes
ac_cv_prog_cxx_openmp=-fopenmp
ac_cv_prog_f77_g=yes
ac_cv_prog_f77_v=-v
ac_cv_prog_make_make_set=yes
am_cv_CC_dependencies_compiler_type=gcc3
am_cv_CXX_dependencies_compiler_type=gcc3
am_cv_ar_interface=ar
am_cv_make_support_nested_variables=yes
lt_cv_ar_at_file=@
lt_cv_archive_cmds_need_lc=no
lt_cv_deplibs_check_method=pass_all
lt_cv_file_magic_cmd='$MAGIC_CMD'
lt_cv_file_magic_test_file=
lt_cv_ld_reload_flag=-r
lt_cv_nm_interface='BSD nm'
lt_cv_objdir=.libs
lt_cv_path_LD=/usr/bin/ld
lt_cv_path_LDCXX='/usr/bin/ld -m elf_x86_64'
lt_cv_path_NM='/usr/bin/nm -B'
lt_cv_path_mainfest_tool=no
lt_cv_prog_compiler_c_o=yes
lt_cv_prog_compiler_c_o_CXX=yes
lt_cv_prog_compiler_c_o_F77=yes
lt_cv_prog_compiler_pic='-fPIC -DPIC'
lt_cv_prog_compiler_pic_CXX='-fPIC -DPIC'
lt_cv_prog_compiler_pic_F77=-fPIC
lt_cv_prog_compiler_pic_works=yes
lt_cv_prog_compiler_pic_works_CXX=yes
lt_cv_prog_compiler_pic_works_F77=yes
lt_cv_prog_compiler_rtti_exceptions=no
lt_cv_prog_compiler_static_works=yes
lt_cv_prog_compiler_static_works_CXX=yes
lt_cv_prog_compiler_static_works_F77=yes
lt_cv_prog_gnu_ld=yes
lt_cv_prog_gnu_ldcxx=yes
lt_cv_sharedlib_from_linklib_cmd='printf %s\n'
lt_cv_shlibpath_overrides_runpath=yes
lt_cv_sys_global_symbol_pipe='sed -n -e '\''s/^.*[	 ]\([ABCDGIRSTW][ABCDGIRSTW]*\)[	 ][	 ]*\([_A-Za-z][_A-Za-z0-9]*\)$/\1 \2 \2/p'\'' | sed '\''/ __gnu_lto/d'\'''
lt_cv_sys_global_symbol_to_c_name_address='sed -n -e '\''s/^: \([^ ]*\)[ ]*$/  {\"\1\", (void *) 0},/p'\'' -e '\''s/^[ABCDGIRSTW]* \([^ ]*\) \([^ ]*\)$/  {"\2", (void *) \&\2},/p'\'''
lt_cv_sys_global_symbol_to_c_name_address_lib_prefix='sed -n -e '\''s/^: \([^ ]*\)[ ]*$/  {\"\1\", (void *) 0},/p'\'' -e '\''s/^[ABCDGIRSTW]* \([^ ]*\) \(lib[^ ]*\)$/  {"\2", (void *) \&\2},/p'\'' -e '\''s/^[ABCDGIRSTW]* \([^ ]*\) \([^ ]*\)$/  {"lib\2", (void *) \&\2},/p'\'''
lt_cv_sys_global_symbol_to_cdecl='sed -n -e '\''s/^T .* \(.*\)$/extern int \1();/p'\'' -e '\''s/^[ABCDGIRSTW]* .* \(.*\)$/extern char \1;/p'\'''
lt_cv_sys_max_cmd_len=1572864
lt_cv_to_host_file_cmd=func_convert_file_noop
lt_cv_to_tool_file_cmd=func_convert_file_noop

## ----------------- ##
## Output variables. ##
## ----------------- ##

ACLOCAL='aclocal-1.13'
AMDEPBACKSLASH='\'
AMDEP_FALSE='#'
AMDEP_TRUE=''
AMTAR='$${TAR-tar}'
AM_BACKSLASH='\'
AM_CXXFLAGS='-fopenmp'
AM_DEFAULT_V='$(AM_DEFAULT_VERBOSITY)'
AM_DEFAULT_VERBOSITY='1'
AM_V='$(V)'
AR='ar'
AUTOCONF='autoconf'
AUTOHEADER='autoheader'
AUTOMAKE='automake-1.13'
AWK='gawk'
BLAS_LIBS=''
CC='gcc'
CCDEPMODE='depmode=gcc3'
CFLAGS='-g -O2'
CPP='gcc -E'
CPPFLAGS=''
CXX='g++'
CXXCPP='g++ -E'
CXXDEPMODE='depmode=gcc3'
CXXFLAGS='-g -O2'
CYGPATH_W='echo'
DEFS='-DHAVE_CONFIG_H'
DEPDIR='.deps'
DLLTOOL='false'
DSYMUTIL=''
DUMPBIN=''
ECHO_C=''
ECHO_N='-n'
ECHO_T=''
EGREP='/bin/grep -E'
EXEEXT=''
F77='f77'
FFLAGS='-g -O2'
FGREP='/bin/grep -F'
FLIBS=' -L/usr/lib/gcc/x86_64-linux-gnu/7 -L/usr/lib/gcc/x86_64-linux-gnu/7/../../../x86_64-linux-gnu -L/usr/lib/gcc/x86_64-linux-gnu/7/../../../../lib -L/lib/x86_64-linux-gnu -L/lib/../lib -L/usr/lib/x86_64-linux-gnu -L/usr/lib/../lib -L/usr/lib/gcc/x86_64-linux-gnu/7/../../.. -lgfortran -lm -lquadmath'
GREP='/bin/grep'
INSTALL_DATA='${INSTALL} -m 644'
INSTALL_PROGRAM='${INSTALL}'
INSTALL_SCRIPT='${INSTALL}'
INSTALL_STRIP_PROGRAM='$(install_sh) -c -s'
LAPACK_LIBS=''
LD='/usr/bin/ld -m elf_x86_64'
LDFLAGS=''
LIBOBJS=''
LIBS='  '
LIBTOOL='$(SHELL) $(top_builddir)/libtool'
LIPO=''
LN_S='ln -s'
LTLIBOBJS=''
MAKEINFO='makeinfo'
MANIFEST_TOOL=':'
MKDIR_P='/bin/mkdir -p'
NM='/usr/bin/nm -B'
NMEDIT=''
OBJDUMP='objdump'
OBJEXT='o'
OPENMP_CXXFLAGS='-fopenmp'
OTOOL64=''
OTOOL=''
PACKAGE='adept'
PACKAGE_BUGREPORT='r.j.hogan@ecmwf.int'
PACKAGE_NAME='adept'
PACKAGE_STRING='adept 2.0.5'
PACKAGE_TARNAME='adept'
PACKAGE_URL='http://www.met.reading.ac.uk/clouds/adept/'
PACKAGE_VERSION='2.0.5'
PATH_SEPARATOR=':'
RANLIB='ranlib'
SED='/bin/sed'
SET_MAKE=''
SHELL='/bin/bash'
STRIP='strip'
USE_GSL='no'
VERSION='2.0.5'
ac_ct_AR='ar'
ac_ct_CC='gcc'
ac_ct_CXX='g++'
ac_ct_DUMPBIN=''
ac_ct_F77='f77'
am__EXEEXT_FALSE=''
am__EXEEXT_TRUE='#'
am__fastdepCC_FALSE='#'
am__fastdepCC_TRUE=''
am__fastdepCXX_FALSE='#'
am__fastdepCXX_TRUE=''
am__include='include'
am__isrc=''
am__leading_dot='.'
am__nodep='_no'
am__quote=''
am__tar='$${TAR-tar} chof - "$$tardir"'
am__untar='$${TAR-tar} xf -'
bindir='${exec_prefix}/bin'
build='x86_64-unknown-linux-gnu'
build_alias=''
build_cpu='x86_64'
build_os='linux-gnu'
build_vendor='unknown'
datadir='${datarootdir}'
datarootdir='${prefix}/share'
docdir='${datarootdir}/doc/${PACKAGE_TARNAME}'
dvidir='${docdir}'
exec_prefix='${prefix}'
host='x86_64-unknown-linux-gnu'
host_alias=''
host_cpu='x86_64'
host_os='linux-gnu'
host_vendor='unknown'
htmldir='${docdir}'
includedir='${prefix}/include'
infodir='${datarootdir}/info'
install_sh='${SHELL} /home/mark/amrex_implicit_interfaces/autodiff/adept-2.0.5/install-sh'
libdir='${exec_prefix}/lib'
libexecdir='${exec_prefix}/libexec'
localedir='${datarootdir}/locale'
localstatedir='${prefix}/var'
mandir='${datarootdir}/man'
mkdir_p='$(MKDIR_P)'
oldincludedir='/usr/include'
pdfdir='${docdir}'
prefix='/usr/local'
program_transform_name='s,x,x,'
psdir='${docdir}'
sbindir='${exec_prefix}/sbin'
sharedstatedir='${prefix}/com'
sysconfdir='${prefix}/etc'
target_alias=''

## ----------- ##
## confdefs.h. ##
## ----------- ##

/* confdefs.h */
#define PACKAGE_NAME "adept"
#define PACKAGE_TARNAME "adept"
#define PACKAGE_VERSION "2.0.5"
#define PACKAGE_STRING "adept 2.0.5"
#define PACKAGE_BUGREPORT "r.j.hogan@ecmwf.int"
#define PACKAGE_URL "http://www.met.reading.ac.uk/clouds/adept/"
#define PACKAGE "adept"
#define VERSION "2.0.5"
#define STDC_HEADERS 1
#define HAVE_SYS_TYPES_H 1
#define HAVE_SYS_STAT_H 1
#define HAVE_STDLIB_H 1
#define HAVE_STRING_H 1
#define HAVE_MEMORY_H 1
#define HAVE_STRINGS_H 1
#define HAVE_INTTYPES_H 1
#define HAVE_STDINT_H 1
#define HAVE_UNISTD_H 1
#define HAVE_DLFCN_H 1
#define LT_OBJDIR ".libs/"
#define HAVE_SYS_TIME_H 1
#define HAVE_GETTIMEOFDAY 1
#define HAVE_POW 1
#define HAVE_SQRT 1
#define CXX "g++"
#define CXXFLAGS "-g -O2"
#define BLAS_LIBS ""

configure: exit 0
